{"/Users/markusahlstrand/Projects/cloudworker-auth/src/app.ts": {"path":"/Users/markusahlstrand/Projects/cloudworker-auth/src/app.ts","statementMap":{"0":{"start":{"line":1,"column":0},"end":{"line":1,"column":65}},"1":{"start":{"line":4,"column":0},"end":{"line":4,"column":49}},"2":{"start":{"line":5,"column":0},"end":{"line":5,"column":44}},"3":{"start":{"line":6,"column":0},"end":{"line":6,"column":42}},"4":{"start":{"line":7,"column":0},"end":{"line":7,"column":44}},"5":{"start":{"line":8,"column":0},"end":{"line":8,"column":46}},"6":{"start":{"line":9,"column":0},"end":{"line":9,"column":39}},"7":{"start":{"line":10,"column":0},"end":{"line":10,"column":57}},"8":{"start":{"line":11,"column":0},"end":{"line":11,"column":54}},"9":{"start":{"line":12,"column":0},"end":{"line":12,"column":48}},"10":{"start":{"line":13,"column":0},"end":{"line":13,"column":38}},"11":{"start":{"line":15,"column":13},"end":{"line":15,"column":37}},"12":{"start":{"line":17,"column":0},"end":{"line":17,"column":24}},"13":{"start":{"line":18,"column":0},"end":{"line":18,"column":22}},"14":{"start":{"line":20,"column":0},"end":{"line":27,"column":3}},"15":{"start":{"line":21,"column":2},"end":{"line":26,"column":4}},"16":{"start":{"line":29,"column":0},"end":{"line":31,"column":3}},"17":{"start":{"line":30,"column":2},"end":{"line":30,"column":47}},"18":{"start":{"line":33,"column":0},"end":{"line":33,"column":28}},"19":{"start":{"line":35,"column":0},"end":{"line":53,"column":3}},"20":{"start":{"line":36,"column":2},"end":{"line":52,"column":null}},"21":{"start":{"line":37,"column":4},"end":{"line":37,"column":31}},"22":{"start":{"line":38,"column":4},"end":{"line":38,"column":30}},"23":{"start":{"line":40,"column":4},"end":{"line":51,"column":6}},"24":{"start":{"line":55,"column":0},"end":{"line":73,"column":3}},"25":{"start":{"line":56,"column":2},"end":{"line":72,"column":null}},"26":{"start":{"line":57,"column":4},"end":{"line":57,"column":27}},"27":{"start":{"line":58,"column":4},"end":{"line":58,"column":30}},"28":{"start":{"line":60,"column":4},"end":{"line":71,"column":6}},"29":{"start":{"line":75,"column":0},"end":{"line":75,"column":33}},"30":{"start":{"line":77,"column":0},"end":{"line":90,"column":3}},"31":{"start":{"line":78,"column":13},"end":{"line":78,"column":27}},"32":{"start":{"line":79,"column":22},"end":{"line":82,"column":23}},"33":{"start":{"line":84,"column":2},"end":{"line":89,"column":5}},"34":{"start":{"line":92,"column":0},"end":{"line":96,"column":3}},"35":{"start":{"line":93,"column":2},"end":{"line":93,"column":28}},"36":{"start":{"line":95,"column":2},"end":{"line":95,"column":28}},"37":{"start":{"line":98,"column":0},"end":{"line":98,"column":20}},"38":{"start":{"line":100,"column":0},"end":{"line":100,"column":20}},"39":{"start":{"line":102,"column":0},"end":{"line":102,"column":30}}},"fnMap":{"0":{"name":"(anonymous_1)","decl":{"start":{"line":20,"column":13},"end":{"line":20,"column":18}},"loc":{"start":{"line":20,"column":24},"end":{"line":27,"column":1}}},"1":{"name":"(anonymous_2)","decl":{"start":{"line":29,"column":17},"end":{"line":29,"column":22}},"loc":{"start":{"line":29,"column":28},"end":{"line":31,"column":1}}},"2":{"name":"(anonymous_3)","decl":{"start":{"line":35,"column":31},"end":{"line":35,"column":36}},"loc":{"start":{"line":35,"column":59},"end":{"line":53,"column":1}}},"3":{"name":"(anonymous_4)","decl":{"start":{"line":55,"column":26},"end":{"line":55,"column":31}},"loc":{"start":{"line":55,"column":54},"end":{"line":73,"column":1}}},"4":{"name":"(anonymous_5)","decl":{"start":{"line":77,"column":17},"end":{"line":77,"column":22}},"loc":{"start":{"line":77,"column":45},"end":{"line":90,"column":1}}},"5":{"name":"(anonymous_6)","decl":{"start":{"line":92,"column":24},"end":{"line":92,"column":29}},"loc":{"start":{"line":92,"column":52},"end":{"line":96,"column":1}}}},"branchMap":{},"s":{"0":0,"1":0,"2":0,"3":0,"4":0,"5":0,"6":0,"7":0,"8":0,"9":0,"10":0,"11":0,"12":0,"13":0,"14":0,"15":0,"16":0,"17":0,"18":0,"19":0,"20":0,"21":0,"22":0,"23":0,"24":0,"25":0,"26":0,"27":0,"28":0,"29":0,"30":0,"31":0,"32":0,"33":0,"34":0,"35":0,"36":0,"37":0,"38":0,"39":0},"f":{"0":0,"1":0,"2":0,"3":0,"4":0,"5":0},"b":{}}
,"/Users/markusahlstrand/Projects/cloudworker-auth/src/authentication.ts": {"path":"/Users/markusahlstrand/Projects/cloudworker-auth/src/authentication.ts","statementMap":{"0":{"start":{"line":51,"column":16},"end":{"line":51,"column":32}},"1":{"start":{"line":52,"column":17},"end":{"line":52,"column":43}},"2":{"start":{"line":53,"column":18},"end":{"line":53,"column":44}},"3":{"start":{"line":54,"column":20},"end":{"line":54,"column":72}},"4":{"start":{"line":56,"column":2},"end":{"line":61,"column":4}},"5":{"start":{"line":65,"column":29},"end":{"line":65,"column":69}},"6":{"start":{"line":66,"column":15},"end":{"line":69,"column":null}},"7":{"start":{"line":68,"column":6},"end":{"line":68,"column":50}},"8":{"start":{"line":72,"column":2},"end":{"line":72,"column":14}},"9":{"start":{"line":76,"column":22},"end":{"line":76,"column":52}},"10":{"start":{"line":78,"column":16},"end":{"line":78,"column":69}},"11":{"start":{"line":78,"column":40},"end":{"line":78,"column":68}},"12":{"start":{"line":80,"column":2},"end":{"line":80,"column":15}},"13":{"start":{"line":88,"column":18},"end":{"line":88,"column":35}},"14":{"start":{"line":89,"column":15},"end":{"line":89,"column":78}},"15":{"start":{"line":90,"column":20},"end":{"line":91,"column":null}},"16":{"start":{"line":91,"column":43},"end":{"line":91,"column":58}},"17":{"start":{"line":94,"column":18},"end":{"line":94,"column":46}},"18":{"start":{"line":96,"column":17},"end":{"line":96,"column":68}},"19":{"start":{"line":96,"column":39},"end":{"line":96,"column":67}},"20":{"start":{"line":98,"column":2},"end":{"line":101,"column":null}},"21":{"start":{"line":99,"column":4},"end":{"line":99,"column":41}},"22":{"start":{"line":100,"column":4},"end":{"line":100,"column":17}},"23":{"start":{"line":103,"column":14},"end":{"line":108,"column":null}},"24":{"start":{"line":111,"column":2},"end":{"line":111,"column":73}},"25":{"start":{"line":120,"column":16},"end":{"line":120,"column":33}},"26":{"start":{"line":123,"column":21},"end":{"line":123,"column":55}},"27":{"start":{"line":124,"column":22},"end":{"line":124,"column":42}},"28":{"start":{"line":125,"column":2},"end":{"line":127,"column":null}},"29":{"start":{"line":126,"column":4},"end":{"line":126,"column":16}},"30":{"start":{"line":129,"column":2},"end":{"line":132,"column":null}},"31":{"start":{"line":130,"column":4},"end":{"line":130,"column":26}},"32":{"start":{"line":131,"column":4},"end":{"line":131,"column":16}},"33":{"start":{"line":134,"column":2},"end":{"line":136,"column":null}},"34":{"start":{"line":135,"column":4},"end":{"line":135,"column":16}},"35":{"start":{"line":138,"column":2},"end":{"line":138,"column":23}},"36":{"start":{"line":114,"column":0},"end":{"line":114,"column":7}},"37":{"start":{"line":146,"column":18},"end":{"line":146,"column":36}},"38":{"start":{"line":147,"column":2},"end":{"line":175,"column":4}},"39":{"start":{"line":151,"column":23},"end":{"line":151,"column":55}},"40":{"start":{"line":152,"column":4},"end":{"line":156,"column":null}},"41":{"start":{"line":153,"column":6},"end":{"line":155,"column":9}},"42":{"start":{"line":157,"column":19},"end":{"line":157,"column":38}},"43":{"start":{"line":158,"column":4},"end":{"line":163,"column":6}},"44":{"start":{"line":165,"column":4},"end":{"line":172,"column":null}},"45":{"start":{"line":166,"column":6},"end":{"line":171,"column":9}},"46":{"start":{"line":174,"column":4},"end":{"line":174,"column":18}},"47":{"start":{"line":145,"column":0},"end":{"line":145,"column":16}}},"fnMap":{"0":{"name":"decodeJwt","decl":{"start":{"line":50,"column":9},"end":{"line":50,"column":18}},"loc":{"start":{"line":50,"column":32},"end":{"line":62,"column":1}}},"1":{"name":"getJwks","decl":{"start":{"line":64,"column":15},"end":{"line":64,"column":22}},"loc":{"start":{"line":64,"column":58},"end":{"line":73,"column":1}}},"2":{"name":"(anonymous_2)","decl":{"start":{"line":67,"column":4},"end":{"line":67,"column":5}},"loc":{"start":{"line":67,"column":18},"end":{"line":69,"column":5}}},"3":{"name":"isValidScopes","decl":{"start":{"line":75,"column":9},"end":{"line":75,"column":22}},"loc":{"start":{"line":75,"column":57},"end":{"line":81,"column":1}}},"4":{"name":"(anonymous_4)","decl":{"start":{"line":78,"column":29},"end":{"line":78,"column":30}},"loc":{"start":{"line":78,"column":40},"end":{"line":78,"column":68}}},"5":{"name":"isValidJwtSignature","decl":{"start":{"line":83,"column":15},"end":{"line":83,"column":34}},"loc":{"start":{"line":86,"column":18},"end":{"line":112,"column":1}}},"6":{"name":"(anonymous_6)","decl":{"start":{"line":91,"column":36},"end":{"line":91,"column":37}},"loc":{"start":{"line":91,"column":43},"end":{"line":91,"column":58}}},"7":{"name":"(anonymous_7)","decl":{"start":{"line":96,"column":30},"end":{"line":96,"column":31}},"loc":{"start":{"line":96,"column":39},"end":{"line":96,"column":67}}},"8":{"name":"getUser","decl":{"start":{"line":114,"column":22},"end":{"line":114,"column":29}},"loc":{"start":{"line":118,"column":18},"end":{"line":139,"column":1}}},"9":{"name":"authenticationHandler","decl":{"start":{"line":145,"column":16},"end":{"line":145,"column":37}},"loc":{"start":{"line":145,"column":58},"end":{"line":176,"column":1}}},"10":{"name":"jwtMiddleware","decl":{"start":{"line":147,"column":24},"end":{"line":147,"column":37}},"loc":{"start":{"line":149,"column":14},"end":{"line":175,"column":3}}}},"branchMap":{"0":{"loc":{"start":{"line":66,"column":16},"end":{"line":66,"column":72}},"type":"cond-expr","locations":[{"start":{"line":66,"column":37},"end":{"line":66,"column":67}},{"start":{"line":66,"column":70},"end":{"line":66,"column":72}}]},"1":{"loc":{"start":{"line":98,"column":2},"end":{"line":101,"column":null}},"type":"if","locations":[{"start":{"line":98,"column":2},"end":{"line":101,"column":null}}]},"2":{"loc":{"start":{"line":125,"column":2},"end":{"line":127,"column":null}},"type":"if","locations":[{"start":{"line":125,"column":2},"end":{"line":127,"column":null}}]},"3":{"loc":{"start":{"line":129,"column":2},"end":{"line":132,"column":null}},"type":"if","locations":[{"start":{"line":129,"column":2},"end":{"line":132,"column":null}}]},"4":{"loc":{"start":{"line":134,"column":2},"end":{"line":136,"column":null}},"type":"if","locations":[{"start":{"line":134,"column":2},"end":{"line":136,"column":null}}]},"5":{"loc":{"start":{"line":152,"column":4},"end":{"line":156,"column":null}},"type":"if","locations":[{"start":{"line":152,"column":4},"end":{"line":156,"column":null}}]},"6":{"loc":{"start":{"line":152,"column":8},"end":{"line":152,"column":69}},"type":"binary-expr","locations":[{"start":{"line":152,"column":8},"end":{"line":152,"column":19}},{"start":{"line":152,"column":23},"end":{"line":152,"column":69}}]},"7":{"loc":{"start":{"line":165,"column":4},"end":{"line":172,"column":null}},"type":"if","locations":[{"start":{"line":165,"column":4},"end":{"line":172,"column":null}}]}},"s":{"0":0,"1":0,"2":0,"3":0,"4":0,"5":0,"6":0,"7":0,"8":0,"9":0,"10":0,"11":0,"12":0,"13":0,"14":0,"15":0,"16":0,"17":0,"18":0,"19":0,"20":0,"21":0,"22":0,"23":0,"24":0,"25":0,"26":0,"27":0,"28":0,"29":0,"30":0,"31":0,"32":0,"33":0,"34":0,"35":0,"36":0,"37":0,"38":0,"39":0,"40":0,"41":0,"42":0,"43":0,"44":0,"45":0,"46":0,"47":0},"f":{"0":0,"1":0,"2":0,"3":0,"4":0,"5":0,"6":0,"7":0,"8":0,"9":0,"10":0},"b":{"0":[0,0],"1":[0],"2":[0],"3":[0],"4":[0],"5":[0],"6":[0,0],"7":[0]}}
,"/Users/markusahlstrand/Projects/cloudworker-auth/src/constants.ts": {"path":"/Users/markusahlstrand/Projects/cloudworker-auth/src/constants.ts","statementMap":{"0":{"start":{"line":1,"column":13},"end":{"line":1,"column":53}},"1":{"start":{"line":2,"column":13},"end":{"line":2,"column":58}},"2":{"start":{"line":3,"column":13},"end":{"line":3,"column":59}},"3":{"start":{"line":4,"column":13},"end":{"line":4,"column":50}},"4":{"start":{"line":5,"column":13},"end":{"line":5,"column":31}},"5":{"start":{"line":7,"column":13},"end":{"line":16,"column":2}},"6":{"start":{"line":18,"column":13},"end":{"line":22,"column":2}}},"fnMap":{},"branchMap":{},"s":{"0":4,"1":4,"2":4,"3":4,"4":4,"5":4,"6":4},"f":{},"b":{}}
,"/Users/markusahlstrand/Projects/cloudworker-auth/src/errors.ts": {"path":"/Users/markusahlstrand/Projects/cloudworker-auth/src/errors.ts","statementMap":{"0":{"start":{"line":5,"column":4},"end":{"line":5,"column":12}},"1":{"start":{"line":2,"column":2},"end":{"line":2,"column":15}},"2":{"start":{"line":7,"column":4},"end":{"line":7,"column":27}},"3":{"start":{"line":1,"column":0},"end":{"line":1,"column":13}},"4":{"start":{"line":15,"column":4},"end":{"line":15,"column":12}},"5":{"start":{"line":12,"column":2},"end":{"line":12,"column":15}},"6":{"start":{"line":17,"column":4},"end":{"line":17,"column":27}},"7":{"start":{"line":11,"column":0},"end":{"line":11,"column":13}},"8":{"start":{"line":25,"column":4},"end":{"line":25,"column":12}},"9":{"start":{"line":22,"column":2},"end":{"line":22,"column":15}},"10":{"start":{"line":27,"column":4},"end":{"line":27,"column":27}},"11":{"start":{"line":21,"column":0},"end":{"line":21,"column":13}},"12":{"start":{"line":35,"column":4},"end":{"line":35,"column":12}},"13":{"start":{"line":32,"column":2},"end":{"line":32,"column":15}},"14":{"start":{"line":37,"column":4},"end":{"line":37,"column":27}},"15":{"start":{"line":31,"column":0},"end":{"line":31,"column":13}},"16":{"start":{"line":45,"column":4},"end":{"line":45,"column":12}},"17":{"start":{"line":42,"column":2},"end":{"line":42,"column":15}},"18":{"start":{"line":47,"column":4},"end":{"line":47,"column":27}},"19":{"start":{"line":41,"column":0},"end":{"line":41,"column":13}},"20":{"start":{"line":55,"column":4},"end":{"line":55,"column":12}},"21":{"start":{"line":52,"column":2},"end":{"line":52,"column":15}},"22":{"start":{"line":57,"column":4},"end":{"line":57,"column":27}},"23":{"start":{"line":51,"column":0},"end":{"line":51,"column":13}}},"fnMap":{"0":{"name":"(anonymous_0)","decl":{"start":{"line":4,"column":2},"end":{"line":4,"column":14}},"loc":{"start":{"line":4,"column":41},"end":{"line":8,"column":3}}},"1":{"name":"(anonymous_1)","decl":{"start":{"line":14,"column":2},"end":{"line":14,"column":14}},"loc":{"start":{"line":14,"column":53},"end":{"line":18,"column":3}}},"2":{"name":"(anonymous_2)","decl":{"start":{"line":24,"column":2},"end":{"line":24,"column":14}},"loc":{"start":{"line":24,"column":38},"end":{"line":28,"column":3}}},"3":{"name":"(anonymous_3)","decl":{"start":{"line":34,"column":2},"end":{"line":34,"column":14}},"loc":{"start":{"line":34,"column":39},"end":{"line":38,"column":3}}},"4":{"name":"(anonymous_4)","decl":{"start":{"line":44,"column":2},"end":{"line":44,"column":14}},"loc":{"start":{"line":44,"column":39},"end":{"line":48,"column":3}}},"5":{"name":"(anonymous_5)","decl":{"start":{"line":54,"column":2},"end":{"line":54,"column":14}},"loc":{"start":{"line":54,"column":44},"end":{"line":58,"column":3}}}},"branchMap":{"0":{"loc":{"start":{"line":4,"column":14},"end":{"line":4,"column":41}},"type":"default-arg","locations":[{"start":{"line":4,"column":24},"end":{"line":4,"column":41}}]},"1":{"loc":{"start":{"line":14,"column":14},"end":{"line":14,"column":53}},"type":"default-arg","locations":[{"start":{"line":14,"column":24},"end":{"line":14,"column":53}}]},"2":{"loc":{"start":{"line":24,"column":14},"end":{"line":24,"column":38}},"type":"default-arg","locations":[{"start":{"line":24,"column":24},"end":{"line":24,"column":38}}]},"3":{"loc":{"start":{"line":34,"column":14},"end":{"line":34,"column":39}},"type":"default-arg","locations":[{"start":{"line":34,"column":24},"end":{"line":34,"column":39}}]},"4":{"loc":{"start":{"line":44,"column":14},"end":{"line":44,"column":39}},"type":"default-arg","locations":[{"start":{"line":44,"column":24},"end":{"line":44,"column":39}}]},"5":{"loc":{"start":{"line":54,"column":14},"end":{"line":54,"column":44}},"type":"default-arg","locations":[{"start":{"line":54,"column":24},"end":{"line":54,"column":44}}]}},"s":{"0":2,"1":2,"2":2,"3":6,"4":1,"5":1,"6":1,"7":6,"8":2,"9":2,"10":2,"11":6,"12":1,"13":1,"14":1,"15":6,"16":0,"17":0,"18":0,"19":6,"20":0,"21":0,"22":0,"23":6},"f":{"0":2,"1":1,"2":2,"3":1,"4":0,"5":0},"b":{"0":[2],"1":[1],"2":[2],"3":[1],"4":[0],"5":[0]}}
,"/Users/markusahlstrand/Projects/cloudworker-auth/src/server.ts": {"path":"/Users/markusahlstrand/Projects/cloudworker-auth/src/server.ts","statementMap":{"0":{"start":{"line":2,"column":0},"end":{"line":2,"column":28}},"1":{"start":{"line":3,"column":0},"end":{"line":3,"column":46}},"2":{"start":{"line":4,"column":0},"end":{"line":4,"column":9}},"3":{"start":{"line":14,"column":9},"end":{"line":4,"column":15}},"4":{"start":{"line":14,"column":15},"end":{"line":4,"column":39}},"5":{"start":{"line":5,"column":0},"end":{"line":5,"column":63}},"6":{"start":{"line":7,"column":0},"end":{"line":7,"column":52}},"7":{"start":{"line":8,"column":0},"end":{"line":8,"column":48}},"8":{"start":{"line":9,"column":0},"end":{"line":9,"column":62}},"9":{"start":{"line":10,"column":0},"end":{"line":10,"column":41}},"10":{"start":{"line":16,"column":0},"end":{"line":57,"column":2}},"11":{"start":{"line":22,"column":4},"end":{"line":34,"column":6}},"12":{"start":{"line":37,"column":4},"end":{"line":37,"column":35}},"13":{"start":{"line":44,"column":4},"end":{"line":55,"column":null}},"14":{"start":{"line":45,"column":23},"end":{"line":45,"column":30}},"15":{"start":{"line":46,"column":6},"end":{"line":46,"column":46}},"16":{"start":{"line":48,"column":6},"end":{"line":54,"column":null}},"17":{"start":{"line":50,"column":10},"end":{"line":50,"column":60}},"18":{"start":{"line":51,"column":10},"end":{"line":51,"column":16}},"19":{"start":{"line":53,"column":10},"end":{"line":53,"column":74}}},"fnMap":{"0":{"name":"(anonymous_1)","decl":{"start":{"line":14,"column":9},"end":{"line":14,"column":13}},"loc":{"start":{"line":14,"column":9},"end":{"line":4,"column":15}}},"1":{"name":"(anonymous_2)","decl":{"start":{"line":14,"column":15},"end":{"line":14,"column":20}},"loc":{"start":{"line":14,"column":15},"end":{"line":4,"column":39}}},"2":{"name":"(anonymous_3)","decl":{"start":{"line":17,"column":2},"end":{"line":17,"column":7}},"loc":{"start":{"line":20,"column":25},"end":{"line":35,"column":3}}},"3":{"name":"(anonymous_4)","decl":{"start":{"line":36,"column":2},"end":{"line":36,"column":7}},"loc":{"start":{"line":36,"column":72},"end":{"line":38,"column":3}}},"4":{"name":"(anonymous_5)","decl":{"start":{"line":39,"column":2},"end":{"line":39,"column":7}},"loc":{"start":{"line":42,"column":25},"end":{"line":56,"column":3}}}},"branchMap":{"0":{"loc":{"start":{"line":48,"column":6},"end":{"line":54,"column":null}},"type":"switch","locations":[{"start":{"line":49,"column":8},"end":{"line":51,"column":16}},{"start":{"line":52,"column":8},"end":{"line":53,"column":74}}]}},"s":{"0":0,"1":0,"2":0,"3":0,"4":0,"5":0,"6":0,"7":0,"8":0,"9":0,"10":0,"11":0,"12":0,"13":0,"14":0,"15":0,"16":0,"17":0,"18":0,"19":0},"f":{"0":0,"1":0,"2":0,"3":0,"4":0},"b":{"0":[0,0]}}
,"/Users/markusahlstrand/Projects/cloudworker-auth/src/authentication-flows/index.ts": {"path":"/Users/markusahlstrand/Projects/cloudworker-auth/src/authentication-flows/index.ts","statementMap":{"0":{"start":{"line":1,"column":0},"end":{"line":1,"column":25}},"1":{"start":{"line":2,"column":0},"end":{"line":2,"column":25}},"2":{"start":{"line":3,"column":0},"end":{"line":3,"column":25}},"3":{"start":{"line":4,"column":0},"end":{"line":4,"column":28}}},"fnMap":{},"branchMap":{},"s":{"0":3,"1":3,"2":3,"3":3},"f":{},"b":{}}
,"/Users/markusahlstrand/Projects/cloudworker-auth/src/authentication-flows/silent.ts": {"path":"/Users/markusahlstrand/Projects/cloudworker-auth/src/authentication-flows/silent.ts","statementMap":{"0":{"start":{"line":2,"column":0},"end":{"line":2,"column":57}},"1":{"start":{"line":5,"column":0},"end":{"line":5,"column":null}},"2":{"start":{"line":11,"column":0},"end":{"line":11,"column":55}},"3":{"start":{"line":12,"column":0},"end":{"line":12,"column":46}},"4":{"start":{"line":13,"column":0},"end":{"line":13,"column":73}},"5":{"start":{"line":42,"column":21},"end":{"line":42,"column":54}},"6":{"start":{"line":43,"column":22},"end":{"line":43,"column":43}},"7":{"start":{"line":45,"column":2},"end":{"line":88,"column":null}},"8":{"start":{"line":46,"column":26},"end":{"line":47,"column":null}},"9":{"start":{"line":50,"column":29},"end":{"line":50,"column":65}},"10":{"start":{"line":52,"column":4},"end":{"line":87,"column":null}},"11":{"start":{"line":53,"column":37},"end":{"line":53,"column":65}},"12":{"start":{"line":57,"column":6},"end":{"line":86,"column":null}},"13":{"start":{"line":58,"column":8},"end":{"line":83,"column":null}},"14":{"start":{"line":60,"column":12},"end":{"line":66,"column":15}},"15":{"start":{"line":69,"column":34},"end":{"line":75,"column":14}},"16":{"start":{"line":77,"column":12},"end":{"line":80,"column":15}},"17":{"start":{"line":82,"column":12},"end":{"line":82,"column":59}},"18":{"start":{"line":85,"column":8},"end":{"line":85,"column":66}},"19":{"start":{"line":90,"column":2},"end":{"line":97,"column":5}},"20":{"start":{"line":33,"column":0},"end":{"line":33,"column":7}}},"fnMap":{"0":{"name":"silentAuth","decl":{"start":{"line":33,"column":22},"end":{"line":33,"column":32}},"loc":{"start":{"line":41,"column":19},"end":{"line":98,"column":1}}}},"branchMap":{"0":{"loc":{"start":{"line":45,"column":2},"end":{"line":88,"column":null}},"type":"if","locations":[{"start":{"line":45,"column":2},"end":{"line":88,"column":null}}]},"1":{"loc":{"start":{"line":52,"column":4},"end":{"line":87,"column":null}},"type":"if","locations":[{"start":{"line":52,"column":4},"end":{"line":87,"column":null}}]},"2":{"loc":{"start":{"line":58,"column":8},"end":{"line":83,"column":null}},"type":"switch","locations":[{"start":{"line":59,"column":10},"end":{"line":66,"column":15}},{"start":{"line":67,"column":10},"end":{"line":67,"column":50}},{"start":{"line":68,"column":10},"end":{"line":80,"column":15}},{"start":{"line":81,"column":10},"end":{"line":82,"column":59}}]}},"s":{"0":3,"1":3,"2":3,"3":3,"4":3,"5":2,"6":2,"7":2,"8":1,"9":1,"10":1,"11":1,"12":1,"13":1,"14":1,"15":0,"16":0,"17":0,"18":0,"19":1,"20":3},"f":{"0":2},"b":{"0":[1],"1":[1],"2":[1,0,0,0]}}
,"/Users/markusahlstrand/Projects/cloudworker-auth/src/authentication-flows/social.ts": {"path":"/Users/markusahlstrand/Projects/cloudworker-auth/src/authentication-flows/social.ts","statementMap":{"0":{"start":{"line":2,"column":0},"end":{"line":2,"column":78}},"1":{"start":{"line":3,"column":0},"end":{"line":3,"column":53}},"2":{"start":{"line":4,"column":0},"end":{"line":4,"column":54}},"3":{"start":{"line":6,"column":0},"end":{"line":6,"column":48}},"4":{"start":{"line":7,"column":0},"end":{"line":7,"column":40}},"5":{"start":{"line":8,"column":0},"end":{"line":8,"column":69}},"6":{"start":{"line":21,"column":24},"end":{"line":21,"column":79}},"7":{"start":{"line":21,"column":57},"end":{"line":21,"column":78}},"8":{"start":{"line":22,"column":2},"end":{"line":24,"column":null}},"9":{"start":{"line":23,"column":4},"end":{"line":23,"column":44}},"10":{"start":{"line":26,"column":33},"end":{"line":29,"column":4}},"11":{"start":{"line":31,"column":33},"end":{"line":31,"column":62}},"12":{"start":{"line":33,"column":24},"end":{"line":33,"column":68}},"13":{"start":{"line":34,"column":2},"end":{"line":36,"column":null}},"14":{"start":{"line":35,"column":4},"end":{"line":35,"column":62}},"15":{"start":{"line":37,"column":2},"end":{"line":37,"column":66}},"16":{"start":{"line":39,"column":2},"end":{"line":42,"column":4}},"17":{"start":{"line":43,"column":2},"end":{"line":43,"column":70}},"18":{"start":{"line":44,"column":2},"end":{"line":44,"column":58}},"19":{"start":{"line":45,"column":2},"end":{"line":45,"column":61}},"20":{"start":{"line":46,"column":2},"end":{"line":46,"column":28}},"21":{"start":{"line":47,"column":2},"end":{"line":47,"column":40}},"22":{"start":{"line":15,"column":0},"end":{"line":15,"column":7}},"23":{"start":{"line":63,"column":17},"end":{"line":63,"column":69}},"24":{"start":{"line":64,"column":24},"end":{"line":65,"column":null}},"25":{"start":{"line":65,"column":11},"end":{"line":65,"column":38}},"26":{"start":{"line":69,"column":2},"end":{"line":71,"column":null}},"27":{"start":{"line":70,"column":4},"end":{"line":70,"column":44}},"28":{"start":{"line":73,"column":23},"end":{"line":76,"column":null}},"29":{"start":{"line":79,"column":16},"end":{"line":79,"column":61}},"30":{"start":{"line":81,"column":24},"end":{"line":81,"column":77}},"31":{"start":{"line":83,"column":15},"end":{"line":83,"column":58}},"32":{"start":{"line":84,"column":15},"end":{"line":84,"column":57}},"33":{"start":{"line":86,"column":2},"end":{"line":90,"column":5}},"34":{"start":{"line":92,"column":2},"end":{"line":92,"column":70}},"35":{"start":{"line":94,"column":2},"end":{"line":96,"column":null}},"36":{"start":{"line":95,"column":4},"end":{"line":95,"column":48}},"37":{"start":{"line":99,"column":22},"end":{"line":99,"column":60}},"38":{"start":{"line":101,"column":2},"end":{"line":119,"column":null}},"39":{"start":{"line":103,"column":22},"end":{"line":103,"column":60}},"40":{"start":{"line":104,"column":28},"end":{"line":104,"column":73}},"41":{"start":{"line":105,"column":6},"end":{"line":110,"column":9}},"42":{"start":{"line":111,"column":6},"end":{"line":111,"column":65}},"43":{"start":{"line":112,"column":6},"end":{"line":114,"column":null}},"44":{"start":{"line":113,"column":8},"end":{"line":113,"column":70}},"45":{"start":{"line":115,"column":6},"end":{"line":115,"column":12}},"46":{"start":{"line":118,"column":6},"end":{"line":118,"column":12}},"47":{"start":{"line":121,"column":2},"end":{"line":121,"column":28}},"48":{"start":{"line":122,"column":2},"end":{"line":122,"column":59}},"49":{"start":{"line":123,"column":2},"end":{"line":123,"column":63}},"50":{"start":{"line":125,"column":2},"end":{"line":125,"column":23}},"51":{"start":{"line":57,"column":0},"end":{"line":57,"column":7}}},"fnMap":{"0":{"name":"socialAuth","decl":{"start":{"line":15,"column":22},"end":{"line":15,"column":32}},"loc":{"start":{"line":19,"column":24},"end":{"line":48,"column":1}}},"1":{"name":"(anonymous_1)","decl":{"start":{"line":21,"column":50},"end":{"line":21,"column":51}},"loc":{"start":{"line":21,"column":57},"end":{"line":21,"column":78}}},"2":{"name":"socialAuthCallback","decl":{"start":{"line":57,"column":22},"end":{"line":57,"column":40}},"loc":{"start":{"line":62,"column":27},"end":{"line":126,"column":1}}},"3":{"name":"(anonymous_3)","decl":{"start":{"line":65,"column":4},"end":{"line":65,"column":5}},"loc":{"start":{"line":65,"column":11},"end":{"line":65,"column":38}}}},"branchMap":{"0":{"loc":{"start":{"line":22,"column":2},"end":{"line":24,"column":null}},"type":"if","locations":[{"start":{"line":22,"column":2},"end":{"line":24,"column":null}}]},"1":{"loc":{"start":{"line":34,"column":2},"end":{"line":36,"column":null}},"type":"if","locations":[{"start":{"line":34,"column":2},"end":{"line":36,"column":null}}]},"2":{"loc":{"start":{"line":69,"column":2},"end":{"line":71,"column":null}},"type":"if","locations":[{"start":{"line":69,"column":2},"end":{"line":71,"column":null}}]},"3":{"loc":{"start":{"line":69,"column":6},"end":{"line":69,"column":54}},"type":"binary-expr","locations":[{"start":{"line":69,"column":6},"end":{"line":69,"column":20}},{"start":{"line":69,"column":24},"end":{"line":69,"column":54}}]},"4":{"loc":{"start":{"line":76,"column":4},"end":{"line":76,"column":44}},"type":"binary-expr","locations":[{"start":{"line":76,"column":4},"end":{"line":76,"column":38}},{"start":{"line":76,"column":42},"end":{"line":76,"column":44}}]},"5":{"loc":{"start":{"line":94,"column":2},"end":{"line":96,"column":null}},"type":"if","locations":[{"start":{"line":94,"column":2},"end":{"line":96,"column":null}}]},"6":{"loc":{"start":{"line":101,"column":2},"end":{"line":119,"column":null}},"type":"switch","locations":[{"start":{"line":102,"column":4},"end":{"line":115,"column":12}},{"start":{"line":116,"column":4},"end":{"line":118,"column":12}}]},"7":{"loc":{"start":{"line":112,"column":6},"end":{"line":114,"column":null}},"type":"if","locations":[{"start":{"line":112,"column":6},"end":{"line":114,"column":null}}]}},"s":{"0":3,"1":3,"2":3,"3":3,"4":3,"5":3,"6":0,"7":0,"8":0,"9":0,"10":0,"11":0,"12":0,"13":0,"14":0,"15":0,"16":0,"17":0,"18":0,"19":0,"20":0,"21":0,"22":3,"23":0,"24":0,"25":0,"26":0,"27":0,"28":0,"29":0,"30":0,"31":0,"32":0,"33":0,"34":0,"35":0,"36":0,"37":0,"38":0,"39":0,"40":0,"41":0,"42":0,"43":0,"44":0,"45":0,"46":0,"47":0,"48":0,"49":0,"50":0,"51":3},"f":{"0":0,"1":0,"2":0,"3":0},"b":{"0":[0],"1":[0],"2":[0],"3":[0,0],"4":[0,0],"5":[0],"6":[0,0],"7":[0]}}
,"/Users/markusahlstrand/Projects/cloudworker-auth/src/authentication-flows/ticket.ts": {"path":"/Users/markusahlstrand/Projects/cloudworker-auth/src/authentication-flows/ticket.ts","statementMap":{"0":{"start":{"line":4,"column":0},"end":{"line":4,"column":39}},"1":{"start":{"line":5,"column":0},"end":{"line":5,"column":46}},"2":{"start":{"line":6,"column":0},"end":{"line":6,"column":73}},"3":{"start":{"line":7,"column":0},"end":{"line":7,"column":69}},"4":{"start":{"line":23,"column":25},"end":{"line":24,"column":null}},"5":{"start":{"line":27,"column":23},"end":{"line":27,"column":60}},"6":{"start":{"line":28,"column":2},"end":{"line":30,"column":null}},"7":{"start":{"line":29,"column":4},"end":{"line":29,"column":40}},"8":{"start":{"line":32,"column":40},"end":{"line":33,"column":null}},"9":{"start":{"line":35,"column":33},"end":{"line":35,"column":43}},"10":{"start":{"line":37,"column":24},"end":{"line":42,"column":4}},"11":{"start":{"line":44,"column":2},"end":{"line":44,"column":66}},"12":{"start":{"line":46,"column":22},"end":{"line":46,"column":42}},"13":{"start":{"line":48,"column":22},"end":{"line":48,"column":43}},"14":{"start":{"line":50,"column":2},"end":{"line":50,"column":62}},"15":{"start":{"line":51,"column":2},"end":{"line":53,"column":null}},"16":{"start":{"line":52,"column":4},"end":{"line":52,"column":56}},"17":{"start":{"line":54,"column":2},"end":{"line":54,"column":42}},"18":{"start":{"line":55,"column":2},"end":{"line":55,"column":41}},"19":{"start":{"line":56,"column":2},"end":{"line":56,"column":34}},"20":{"start":{"line":57,"column":2},"end":{"line":59,"column":null}},"21":{"start":{"line":58,"column":4},"end":{"line":58,"column":47}},"22":{"start":{"line":61,"column":2},"end":{"line":61,"column":44}},"23":{"start":{"line":63,"column":2},"end":{"line":63,"column":28}},"24":{"start":{"line":64,"column":2},"end":{"line":64,"column":59}},"25":{"start":{"line":65,"column":2},"end":{"line":65,"column":23}},"26":{"start":{"line":16,"column":0},"end":{"line":16,"column":7}}},"fnMap":{"0":{"name":"ticketAuth","decl":{"start":{"line":16,"column":22},"end":{"line":16,"column":32}},"loc":{"start":{"line":21,"column":21},"end":{"line":66,"column":1}}}},"branchMap":{"0":{"loc":{"start":{"line":28,"column":2},"end":{"line":30,"column":null}},"type":"if","locations":[{"start":{"line":28,"column":2},"end":{"line":30,"column":null}}]},"1":{"loc":{"start":{"line":51,"column":2},"end":{"line":53,"column":null}},"type":"if","locations":[{"start":{"line":51,"column":2},"end":{"line":53,"column":null}}]},"2":{"loc":{"start":{"line":57,"column":2},"end":{"line":59,"column":null}},"type":"if","locations":[{"start":{"line":57,"column":2},"end":{"line":59,"column":null}}]}},"s":{"0":3,"1":3,"2":3,"3":3,"4":1,"5":1,"6":1,"7":0,"8":1,"9":1,"10":1,"11":1,"12":1,"13":1,"14":1,"15":1,"16":1,"17":1,"18":1,"19":1,"20":1,"21":1,"22":1,"23":1,"24":1,"25":1,"26":3},"f":{"0":1},"b":{"0":[0],"1":[1],"2":[1]}}
,"/Users/markusahlstrand/Projects/cloudworker-auth/src/authentication-flows/universal.ts": {"path":"/Users/markusahlstrand/Projects/cloudworker-auth/src/authentication-flows/universal.ts","statementMap":{"0":{"start":{"line":3,"column":0},"end":{"line":3,"column":39}},"1":{"start":{"line":4,"column":0},"end":{"line":4,"column":41}},"2":{"start":{"line":15,"column":28},"end":{"line":15,"column":66}},"3":{"start":{"line":17,"column":22},"end":{"line":17,"column":43}},"4":{"start":{"line":18,"column":2},"end":{"line":18,"column":46}},"5":{"start":{"line":20,"column":2},"end":{"line":20,"column":28}},"6":{"start":{"line":21,"column":2},"end":{"line":21,"column":80}},"7":{"start":{"line":22,"column":2},"end":{"line":22,"column":29}},"8":{"start":{"line":11,"column":0},"end":{"line":11,"column":7}}},"fnMap":{"0":{"name":"universalAuth","decl":{"start":{"line":11,"column":22},"end":{"line":11,"column":35}},"loc":{"start":{"line":14,"column":22},"end":{"line":23,"column":1}}}},"branchMap":{},"s":{"0":3,"1":3,"2":1,"3":1,"4":1,"5":1,"6":1,"7":1,"8":3},"f":{"0":1},"b":{}}
,"/Users/markusahlstrand/Projects/cloudworker-auth/src/authorization-grants/authorizationCodeGrant.ts": {"path":"/Users/markusahlstrand/Projects/cloudworker-auth/src/authorization-grants/authorizationCodeGrant.ts","statementMap":{"0":{"start":{"line":2,"column":0},"end":{"line":2,"column":46}},"1":{"start":{"line":3,"column":0},"end":{"line":3,"column":34}},"2":{"start":{"line":11,"column":0},"end":{"line":11,"column":73}},"3":{"start":{"line":12,"column":0},"end":{"line":12,"column":69}},"4":{"start":{"line":22,"column":24},"end":{"line":24,"column":null}},"5":{"start":{"line":26,"column":22},"end":{"line":26,"column":58}},"6":{"start":{"line":27,"column":2},"end":{"line":29,"column":null}},"7":{"start":{"line":28,"column":4},"end":{"line":28,"column":16}},"8":{"start":{"line":31,"column":4},"end":{"line":31,"column":27}},"9":{"start":{"line":33,"column":2},"end":{"line":33,"column":78}},"10":{"start":{"line":35,"column":2},"end":{"line":35,"column":58}},"11":{"start":{"line":15,"column":0},"end":{"line":15,"column":7}}},"fnMap":{"0":{"name":"authorizationCodeGrant","decl":{"start":{"line":15,"column":22},"end":{"line":15,"column":44}},"loc":{"start":{"line":20,"column":42},"end":{"line":36,"column":1}}}},"branchMap":{"0":{"loc":{"start":{"line":27,"column":2},"end":{"line":29,"column":null}},"type":"if","locations":[{"start":{"line":27,"column":2},"end":{"line":29,"column":null}}]}},"s":{"0":0,"1":0,"2":0,"3":0,"4":0,"5":0,"6":0,"7":0,"8":0,"9":0,"10":0,"11":0},"f":{"0":0},"b":{"0":[0]}}
,"/Users/markusahlstrand/Projects/cloudworker-auth/src/authorization-grants/index.ts": {"path":"/Users/markusahlstrand/Projects/cloudworker-auth/src/authorization-grants/index.ts","statementMap":{"0":{"start":{"line":1,"column":0},"end":{"line":1,"column":41}},"1":{"start":{"line":2,"column":0},"end":{"line":2,"column":32}},"2":{"start":{"line":3,"column":0},"end":{"line":3,"column":36}}},"fnMap":{},"branchMap":{},"s":{"0":0,"1":0,"2":0},"f":{},"b":{}}
,"/Users/markusahlstrand/Projects/cloudworker-auth/src/authorization-grants/passwordGrant.ts": {"path":"/Users/markusahlstrand/Projects/cloudworker-auth/src/authorization-grants/passwordGrant.ts","statementMap":{"0":{"start":{"line":4,"column":0},"end":{"line":4,"column":55}},"1":{"start":{"line":10,"column":15},"end":{"line":10,"column":69}},"2":{"start":{"line":12,"column":27},"end":{"line":12,"column":78}},"3":{"start":{"line":14,"column":2},"end":{"line":16,"column":null}},"4":{"start":{"line":15,"column":4},"end":{"line":15,"column":42}},"5":{"start":{"line":19,"column":22},"end":{"line":19,"column":51}},"6":{"start":{"line":20,"column":23},"end":{"line":22,"column":null}},"7":{"start":{"line":25,"column":16},"end":{"line":29,"column":4}},"8":{"start":{"line":31,"column":2},"end":{"line":33,"column":null}},"9":{"start":{"line":32,"column":4},"end":{"line":32,"column":16}},"10":{"start":{"line":35,"column":2},"end":{"line":39,"column":4}},"11":{"start":{"line":6,"column":0},"end":{"line":6,"column":7}}},"fnMap":{"0":{"name":"passwordGrant","decl":{"start":{"line":6,"column":22},"end":{"line":6,"column":35}},"loc":{"start":{"line":8,"column":33},"end":{"line":40,"column":1}}}},"branchMap":{"0":{"loc":{"start":{"line":14,"column":2},"end":{"line":16,"column":null}},"type":"if","locations":[{"start":{"line":14,"column":2},"end":{"line":16,"column":null}}]},"1":{"loc":{"start":{"line":26,"column":12},"end":{"line":26,"column":42}},"type":"binary-expr","locations":[{"start":{"line":26,"column":12},"end":{"line":26,"column":36}},{"start":{"line":26,"column":40},"end":{"line":26,"column":42}}]},"2":{"loc":{"start":{"line":31,"column":2},"end":{"line":33,"column":null}},"type":"if","locations":[{"start":{"line":31,"column":2},"end":{"line":33,"column":null}}]}},"s":{"0":0,"1":0,"2":0,"3":0,"4":0,"5":0,"6":0,"7":0,"8":0,"9":0,"10":0,"11":0},"f":{"0":0},"b":{"0":[0],"1":[0,0],"2":[0]}}
,"/Users/markusahlstrand/Projects/cloudworker-auth/src/handlers/update-user.ts": {"path":"/Users/markusahlstrand/Projects/cloudworker-auth/src/handlers/update-user.ts","statementMap":{"0":{"start":{"line":1,"column":0},"end":{"line":1,"column":40}},"1":{"start":{"line":2,"column":0},"end":{"line":2,"column":39}},"2":{"start":{"line":6,"column":17},"end":{"line":6,"column":39}},"3":{"start":{"line":7,"column":23},"end":{"line":7,"column":63}},"4":{"start":{"line":8,"column":18},"end":{"line":8,"column":55}},"5":{"start":{"line":10,"column":2},"end":{"line":13,"column":null}},"6":{"start":{"line":11,"column":4},"end":{"line":11,"column":53}},"7":{"start":{"line":12,"column":4},"end":{"line":12,"column":11}},"8":{"start":{"line":15,"column":13},"end":{"line":15,"column":23}},"9":{"start":{"line":16,"column":24},"end":{"line":21,"column":14}},"10":{"start":{"line":23,"column":2},"end":{"line":23,"column":46}},"11":{"start":{"line":26,"column":2},"end":{"line":59,"column":null}},"12":{"start":{"line":27,"column":4},"end":{"line":27,"column":30}},"13":{"start":{"line":28,"column":4},"end":{"line":42,"column":17}},"14":{"start":{"line":44,"column":4},"end":{"line":44,"column":35}},"15":{"start":{"line":45,"column":4},"end":{"line":58,"column":17}},"16":{"start":{"line":5,"column":0},"end":{"line":5,"column":7}}},"fnMap":{"0":{"name":"updateUser","decl":{"start":{"line":5,"column":22},"end":{"line":5,"column":32}},"loc":{"start":{"line":5,"column":74},"end":{"line":60,"column":1}}}},"branchMap":{"0":{"loc":{"start":{"line":10,"column":2},"end":{"line":13,"column":null}},"type":"if","locations":[{"start":{"line":10,"column":2},"end":{"line":13,"column":null}}]},"1":{"loc":{"start":{"line":10,"column":6},"end":{"line":10,"column":32}},"type":"binary-expr","locations":[{"start":{"line":10,"column":6},"end":{"line":10,"column":14}},{"start":{"line":10,"column":18},"end":{"line":10,"column":32}}]},"2":{"loc":{"start":{"line":26,"column":2},"end":{"line":59,"column":null}},"type":"if","locations":[{"start":{"line":26,"column":2},"end":{"line":59,"column":null}},{"start":{"line":43,"column":9},"end":{"line":59,"column":null}}]},"3":{"loc":{"start":{"line":33,"column":19},"end":{"line":33,"column":42}},"type":"binary-expr","locations":[{"start":{"line":33,"column":19},"end":{"line":33,"column":36}},{"start":{"line":33,"column":40},"end":{"line":33,"column":42}}]},"4":{"loc":{"start":{"line":34,"column":20},"end":{"line":34,"column":44}},"type":"binary-expr","locations":[{"start":{"line":34,"column":20},"end":{"line":34,"column":38}},{"start":{"line":34,"column":42},"end":{"line":34,"column":44}}]},"5":{"loc":{"start":{"line":35,"column":14},"end":{"line":35,"column":32}},"type":"binary-expr","locations":[{"start":{"line":35,"column":14},"end":{"line":35,"column":26}},{"start":{"line":35,"column":30},"end":{"line":35,"column":32}}]},"6":{"loc":{"start":{"line":36,"column":18},"end":{"line":36,"column":40}},"type":"binary-expr","locations":[{"start":{"line":36,"column":18},"end":{"line":36,"column":34}},{"start":{"line":36,"column":38},"end":{"line":36,"column":40}}]},"7":{"loc":{"start":{"line":37,"column":17},"end":{"line":37,"column":38}},"type":"binary-expr","locations":[{"start":{"line":37,"column":17},"end":{"line":37,"column":32}},{"start":{"line":37,"column":36},"end":{"line":37,"column":38}}]}},"s":{"0":0,"1":0,"2":0,"3":0,"4":0,"5":0,"6":0,"7":0,"8":0,"9":0,"10":0,"11":0,"12":0,"13":0,"14":0,"15":0,"16":0},"f":{"0":0},"b":{"0":[0],"1":[0,0],"2":[0,0],"3":[0,0],"4":[0,0],"5":[0,0],"6":[0,0],"7":[0,0]}}
,"/Users/markusahlstrand/Projects/cloudworker-auth/src/helpers/generate-auth-response.ts": {"path":"/Users/markusahlstrand/Projects/cloudworker-auth/src/helpers/generate-auth-response.ts","statementMap":{"0":{"start":{"line":2,"column":0},"end":{"line":2,"column":43}},"1":{"start":{"line":5,"column":0},"end":{"line":5,"column":62}},"2":{"start":{"line":22,"column":22},"end":{"line":22,"column":47}},"3":{"start":{"line":23,"column":23},"end":{"line":25,"column":null}},"4":{"start":{"line":28,"column":23},"end":{"line":28,"column":70}},"5":{"start":{"line":29,"column":18},"end":{"line":29,"column":55}},"6":{"start":{"line":31,"column":22},"end":{"line":35,"column":4}},"7":{"start":{"line":37,"column":18},"end":{"line":46,"column":4}},"8":{"start":{"line":48,"column":2},"end":{"line":50,"column":null}},"9":{"start":{"line":49,"column":4},"end":{"line":49,"column":54}},"10":{"start":{"line":52,"column":39},"end":{"line":59,"column":4}},"11":{"start":{"line":61,"column":2},"end":{"line":61,"column":23}},"12":{"start":{"line":15,"column":0},"end":{"line":15,"column":7}}},"fnMap":{"0":{"name":"generateAuthResponse","decl":{"start":{"line":15,"column":22},"end":{"line":15,"column":42}},"loc":{"start":{"line":21,"column":29},"end":{"line":62,"column":1}}}},"branchMap":{"0":{"loc":{"start":{"line":32,"column":12},"end":{"line":32,"column":46}},"type":"binary-expr","locations":[{"start":{"line":32,"column":12},"end":{"line":32,"column":40}},{"start":{"line":32,"column":44},"end":{"line":32,"column":46}}]},"1":{"loc":{"start":{"line":45,"column":11},"end":{"line":45,"column":36}},"type":"binary-expr","locations":[{"start":{"line":45,"column":11},"end":{"line":45,"column":16}},{"start":{"line":45,"column":20},"end":{"line":45,"column":36}}]},"2":{"loc":{"start":{"line":48,"column":2},"end":{"line":50,"column":null}},"type":"if","locations":[{"start":{"line":48,"column":2},"end":{"line":50,"column":null}}]},"3":{"loc":{"start":{"line":48,"column":6},"end":{"line":48,"column":30}},"type":"binary-expr","locations":[{"start":{"line":48,"column":6},"end":{"line":48,"column":18}},{"start":{"line":48,"column":22},"end":{"line":48,"column":30}}]}},"s":{"0":3,"1":3,"2":1,"3":1,"4":1,"5":1,"6":1,"7":1,"8":1,"9":0,"10":1,"11":1,"12":3},"f":{"0":1},"b":{"0":[1,0],"1":[1,1],"2":[0],"3":[1,1]}}
,"/Users/markusahlstrand/Projects/cloudworker-auth/src/helpers/silent-auth-cookie.ts": {"path":"/Users/markusahlstrand/Projects/cloudworker-auth/src/helpers/silent-auth-cookie.ts","statementMap":{"0":{"start":{"line":2,"column":0},"end":{"line":2,"column":61}},"1":{"start":{"line":4,"column":0},"end":{"line":4,"column":57}},"2":{"start":{"line":6,"column":0},"end":{"line":6,"column":46}},"3":{"start":{"line":14,"column":18},"end":{"line":17,"column":4}},"4":{"start":{"line":19,"column":18},"end":{"line":19,"column":56}},"5":{"start":{"line":20,"column":24},"end":{"line":20,"column":69}},"6":{"start":{"line":21,"column":2},"end":{"line":24,"column":5}},"7":{"start":{"line":26,"column":2},"end":{"line":28,"column":5}},"8":{"start":{"line":27,"column":4},"end":{"line":27,"column":52}},"9":{"start":{"line":8,"column":0},"end":{"line":8,"column":7}}},"fnMap":{"0":{"name":"setSilentAuthCookies","decl":{"start":{"line":8,"column":22},"end":{"line":8,"column":42}},"loc":{"start":{"line":12,"column":24},"end":{"line":29,"column":1}}},"1":{"name":"(anonymous_1)","decl":{"start":{"line":26,"column":55},"end":{"line":26,"column":56}},"loc":{"start":{"line":26,"column":66},"end":{"line":28,"column":3}}}},"branchMap":{},"s":{"0":3,"1":3,"2":3,"3":1,"4":1,"5":1,"6":1,"7":1,"8":1,"9":3},"f":{"0":1,"1":1},"b":{}}
,"/Users/markusahlstrand/Projects/cloudworker-auth/src/middlewares/cors.ts": {"path":"/Users/markusahlstrand/Projects/cloudworker-auth/src/middlewares/cors.ts","statementMap":{"0":{"start":{"line":2,"column":0},"end":{"line":2,"column":39}},"1":{"start":{"line":8,"column":19},"end":{"line":8,"column":31}},"2":{"start":{"line":10,"column":17},"end":{"line":10,"column":42}},"3":{"start":{"line":13,"column":2},"end":{"line":15,"column":null}},"4":{"start":{"line":14,"column":4},"end":{"line":14,"column":68}},"5":{"start":{"line":17,"column":2},"end":{"line":17,"column":71}},"6":{"start":{"line":18,"column":2},"end":{"line":21,"column":4}},"7":{"start":{"line":23,"column":2},"end":{"line":23,"column":18}},"8":{"start":{"line":4,"column":0},"end":{"line":4,"column":15}}},"fnMap":{"0":{"name":"corsMiddleware","decl":{"start":{"line":4,"column":30},"end":{"line":4,"column":44}},"loc":{"start":{"line":6,"column":12},"end":{"line":24,"column":1}}}},"branchMap":{"0":{"loc":{"start":{"line":13,"column":2},"end":{"line":15,"column":null}},"type":"if","locations":[{"start":{"line":13,"column":2},"end":{"line":15,"column":null}}]}},"s":{"0":0,"1":0,"2":0,"3":0,"4":0,"5":0,"6":0,"7":0,"8":0},"f":{"0":0},"b":{"0":[0]}}
,"/Users/markusahlstrand/Projects/cloudworker-auth/src/middlewares/errorHandler.ts": {"path":"/Users/markusahlstrand/Projects/cloudworker-auth/src/middlewares/errorHandler.ts","statementMap":{"0":{"start":{"line":4,"column":2},"end":{"line":13,"column":null}},"1":{"start":{"line":5,"column":4},"end":{"line":5,"column":24}},"2":{"start":{"line":7,"column":4},"end":{"line":12,"column":7}},"3":{"start":{"line":3,"column":0},"end":{"line":3,"column":15}}},"fnMap":{"0":{"name":"errorHandler","decl":{"start":{"line":3,"column":30},"end":{"line":3,"column":42}},"loc":{"start":{"line":3,"column":77},"end":{"line":14,"column":1}}}},"branchMap":{"0":{"loc":{"start":{"line":7,"column":24},"end":{"line":7,"column":53}},"type":"binary-expr","locations":[{"start":{"line":7,"column":24},"end":{"line":7,"column":35}},{"start":{"line":7,"column":39},"end":{"line":7,"column":53}}]},"1":{"loc":{"start":{"line":8,"column":14},"end":{"line":8,"column":31}},"type":"binary-expr","locations":[{"start":{"line":8,"column":14},"end":{"line":8,"column":24}},{"start":{"line":8,"column":28},"end":{"line":8,"column":31}}]}},"s":{"0":0,"1":0,"2":0,"3":0},"f":{"0":0},"b":{"0":[0,0],"1":[0,0]}}
,"/Users/markusahlstrand/Projects/cloudworker-auth/src/migrate/ReferenceMigrationProvider.ts": {"path":"/Users/markusahlstrand/Projects/cloudworker-auth/src/migrate/ReferenceMigrationProvider.ts","statementMap":{"0":{"start":{"line":7,"column":4},"end":{"line":7,"column":33}},"1":{"start":{"line":11,"column":4},"end":{"line":11,"column":27}},"2":{"start":{"line":3,"column":0},"end":{"line":3,"column":21}}},"fnMap":{"0":{"name":"(anonymous_0)","decl":{"start":{"line":6,"column":2},"end":{"line":6,"column":14}},"loc":{"start":{"line":6,"column":51},"end":{"line":8,"column":3}}},"1":{"name":"(anonymous_1)","decl":{"start":{"line":10,"column":2},"end":{"line":10,"column":7}},"loc":{"start":{"line":10,"column":21},"end":{"line":12,"column":3}}}},"branchMap":{},"s":{"0":0,"1":0,"2":0},"f":{"0":0,"1":0},"b":{}}
,"/Users/markusahlstrand/Projects/cloudworker-auth/src/migrate/index.ts": {"path":"/Users/markusahlstrand/Projects/cloudworker-auth/src/migrate/index.ts","statementMap":{"0":{"start":{"line":1,"column":0},"end":{"line":1,"column":38}},"1":{"start":{"line":2,"column":0},"end":{"line":2,"column":42}},"2":{"start":{"line":5,"column":0},"end":{"line":5,"column":38}},"3":{"start":{"line":6,"column":0},"end":{"line":6,"column":70}},"4":{"start":{"line":9,"column":19},"end":{"line":9,"column":61}},"5":{"start":{"line":10,"column":13},"end":{"line":12,"column":4}},"6":{"start":{"line":14,"column":19},"end":{"line":17,"column":4}},"7":{"start":{"line":19,"column":29},"end":{"line":19,"column":61}},"8":{"start":{"line":21,"column":2},"end":{"line":27,"column":5}},"9":{"start":{"line":22,"column":4},"end":{"line":26,"column":null}},"10":{"start":{"line":23,"column":6},"end":{"line":23,"column":79}},"11":{"start":{"line":24,"column":11},"end":{"line":26,"column":null}},"12":{"start":{"line":25,"column":6},"end":{"line":25,"column":73}},"13":{"start":{"line":29,"column":2},"end":{"line":33,"column":null}},"14":{"start":{"line":30,"column":4},"end":{"line":30,"column":39}},"15":{"start":{"line":31,"column":4},"end":{"line":31,"column":25}},"16":{"start":{"line":32,"column":4},"end":{"line":32,"column":16}},"17":{"start":{"line":35,"column":2},"end":{"line":35,"column":21}},"18":{"start":{"line":8,"column":0},"end":{"line":8,"column":7}},"19":{"start":{"line":39,"column":19},"end":{"line":39,"column":61}},"20":{"start":{"line":40,"column":13},"end":{"line":42,"column":4}},"21":{"start":{"line":44,"column":19},"end":{"line":47,"column":4}},"22":{"start":{"line":49,"column":29},"end":{"line":49,"column":57}},"23":{"start":{"line":51,"column":2},"end":{"line":57,"column":5}},"24":{"start":{"line":52,"column":4},"end":{"line":56,"column":null}},"25":{"start":{"line":53,"column":6},"end":{"line":53,"column":79}},"26":{"start":{"line":54,"column":11},"end":{"line":56,"column":null}},"27":{"start":{"line":55,"column":6},"end":{"line":55,"column":73}},"28":{"start":{"line":59,"column":2},"end":{"line":63,"column":null}},"29":{"start":{"line":60,"column":4},"end":{"line":60,"column":39}},"30":{"start":{"line":61,"column":4},"end":{"line":61,"column":25}},"31":{"start":{"line":62,"column":4},"end":{"line":62,"column":16}},"32":{"start":{"line":65,"column":2},"end":{"line":65,"column":21}},"33":{"start":{"line":38,"column":0},"end":{"line":38,"column":7}}},"fnMap":{"0":{"name":"migrateToLatest","decl":{"start":{"line":8,"column":22},"end":{"line":8,"column":37}},"loc":{"start":{"line":8,"column":55},"end":{"line":36,"column":1}}},"1":{"name":"(anonymous_2)","decl":{"start":{"line":21,"column":19},"end":{"line":21,"column":20}},"loc":{"start":{"line":21,"column":26},"end":{"line":27,"column":3}}},"2":{"name":"migrateDown","decl":{"start":{"line":38,"column":22},"end":{"line":38,"column":33}},"loc":{"start":{"line":38,"column":51},"end":{"line":66,"column":1}}},"3":{"name":"(anonymous_4)","decl":{"start":{"line":51,"column":19},"end":{"line":51,"column":20}},"loc":{"start":{"line":51,"column":26},"end":{"line":57,"column":3}}}},"branchMap":{"0":{"loc":{"start":{"line":22,"column":4},"end":{"line":26,"column":null}},"type":"if","locations":[{"start":{"line":22,"column":4},"end":{"line":26,"column":null}},{"start":{"line":24,"column":11},"end":{"line":26,"column":null}}]},"1":{"loc":{"start":{"line":24,"column":11},"end":{"line":26,"column":null}},"type":"if","locations":[{"start":{"line":24,"column":11},"end":{"line":26,"column":null}}]},"2":{"loc":{"start":{"line":29,"column":2},"end":{"line":33,"column":null}},"type":"if","locations":[{"start":{"line":29,"column":2},"end":{"line":33,"column":null}}]},"3":{"loc":{"start":{"line":52,"column":4},"end":{"line":56,"column":null}},"type":"if","locations":[{"start":{"line":52,"column":4},"end":{"line":56,"column":null}},{"start":{"line":54,"column":11},"end":{"line":56,"column":null}}]},"4":{"loc":{"start":{"line":54,"column":11},"end":{"line":56,"column":null}},"type":"if","locations":[{"start":{"line":54,"column":11},"end":{"line":56,"column":null}}]},"5":{"loc":{"start":{"line":59,"column":2},"end":{"line":63,"column":null}},"type":"if","locations":[{"start":{"line":59,"column":2},"end":{"line":63,"column":null}}]}},"s":{"0":0,"1":0,"2":0,"3":0,"4":0,"5":0,"6":0,"7":0,"8":0,"9":0,"10":0,"11":0,"12":0,"13":0,"14":0,"15":0,"16":0,"17":0,"18":0,"19":0,"20":0,"21":0,"22":0,"23":0,"24":0,"25":0,"26":0,"27":0,"28":0,"29":0,"30":0,"31":0,"32":0,"33":0},"f":{"0":0,"1":0,"2":0,"3":0},"b":{"0":[0,0],"1":[0],"2":[0],"3":[0,0],"4":[0],"5":[0]}}
,"/Users/markusahlstrand/Projects/cloudworker-auth/src/migrate/migrations/2022-12-11T09:17:35_init.ts": {"path":"/Users/markusahlstrand/Projects/cloudworker-auth/src/migrate/migrations/2022-12-11T09:17:35_init.ts","statementMap":{"0":{"start":{"line":4,"column":2},"end":{"line":18,"column":15}},"1":{"start":{"line":6,"column":41},"end":{"line":6,"column":54}},"2":{"start":{"line":7,"column":48},"end":{"line":7,"column":61}},"3":{"start":{"line":8,"column":44},"end":{"line":8,"column":57}},"4":{"start":{"line":20,"column":2},"end":{"line":31,"column":15}},"5":{"start":{"line":23,"column":6},"end":{"line":23,"column":62}},"6":{"start":{"line":26,"column":6},"end":{"line":26,"column":64}},"7":{"start":{"line":33,"column":2},"end":{"line":43,"column":15}},"8":{"start":{"line":35,"column":41},"end":{"line":35,"column":67}},"9":{"start":{"line":45,"column":2},"end":{"line":59,"column":15}},"10":{"start":{"line":47,"column":41},"end":{"line":47,"column":67}},"11":{"start":{"line":49,"column":6},"end":{"line":49,"column":64}},"12":{"start":{"line":51,"column":43},"end":{"line":51,"column":56}},"13":{"start":{"line":61,"column":2},"end":{"line":77,"column":15}},"14":{"start":{"line":63,"column":41},"end":{"line":63,"column":67}},"15":{"start":{"line":65,"column":6},"end":{"line":65,"column":64}},"16":{"start":{"line":67,"column":43},"end":{"line":67,"column":56}},"17":{"start":{"line":3,"column":0},"end":{"line":3,"column":7}},"18":{"start":{"line":81,"column":2},"end":{"line":81,"column":55}},"19":{"start":{"line":82,"column":2},"end":{"line":82,"column":47}},"20":{"start":{"line":83,"column":2},"end":{"line":83,"column":56}},"21":{"start":{"line":84,"column":2},"end":{"line":84,"column":54}},"22":{"start":{"line":85,"column":2},"end":{"line":85,"column":49}},"23":{"start":{"line":80,"column":0},"end":{"line":80,"column":7}}},"fnMap":{"0":{"name":"up","decl":{"start":{"line":3,"column":22},"end":{"line":3,"column":24}},"loc":{"start":{"line":3,"column":40},"end":{"line":78,"column":1}}},"1":{"name":"(anonymous_1)","decl":{"start":{"line":6,"column":32},"end":{"line":6,"column":33}},"loc":{"start":{"line":6,"column":41},"end":{"line":6,"column":54}}},"2":{"name":"(anonymous_2)","decl":{"start":{"line":7,"column":39},"end":{"line":7,"column":40}},"loc":{"start":{"line":7,"column":48},"end":{"line":7,"column":61}}},"3":{"name":"(anonymous_3)","decl":{"start":{"line":8,"column":35},"end":{"line":8,"column":36}},"loc":{"start":{"line":8,"column":44},"end":{"line":8,"column":57}}},"4":{"name":"(anonymous_4)","decl":{"start":{"line":22,"column":37},"end":{"line":22,"column":38}},"loc":{"start":{"line":23,"column":6},"end":{"line":23,"column":62}}},"5":{"name":"(anonymous_5)","decl":{"start":{"line":25,"column":39},"end":{"line":25,"column":40}},"loc":{"start":{"line":26,"column":6},"end":{"line":26,"column":64}}},"6":{"name":"(anonymous_6)","decl":{"start":{"line":35,"column":32},"end":{"line":35,"column":33}},"loc":{"start":{"line":35,"column":41},"end":{"line":35,"column":67}}},"7":{"name":"(anonymous_7)","decl":{"start":{"line":47,"column":32},"end":{"line":47,"column":33}},"loc":{"start":{"line":47,"column":41},"end":{"line":47,"column":67}}},"8":{"name":"(anonymous_8)","decl":{"start":{"line":48,"column":39},"end":{"line":48,"column":40}},"loc":{"start":{"line":49,"column":6},"end":{"line":49,"column":64}}},"9":{"name":"(anonymous_9)","decl":{"start":{"line":51,"column":34},"end":{"line":51,"column":35}},"loc":{"start":{"line":51,"column":43},"end":{"line":51,"column":56}}},"10":{"name":"(anonymous_10)","decl":{"start":{"line":63,"column":32},"end":{"line":63,"column":33}},"loc":{"start":{"line":63,"column":41},"end":{"line":63,"column":67}}},"11":{"name":"(anonymous_11)","decl":{"start":{"line":64,"column":39},"end":{"line":64,"column":40}},"loc":{"start":{"line":65,"column":6},"end":{"line":65,"column":64}}},"12":{"name":"(anonymous_12)","decl":{"start":{"line":67,"column":34},"end":{"line":67,"column":35}},"loc":{"start":{"line":67,"column":43},"end":{"line":67,"column":56}}},"13":{"name":"down","decl":{"start":{"line":80,"column":22},"end":{"line":80,"column":26}},"loc":{"start":{"line":80,"column":42},"end":{"line":86,"column":1}}}},"branchMap":{},"s":{"0":0,"1":0,"2":0,"3":0,"4":0,"5":0,"6":0,"7":0,"8":0,"9":0,"10":0,"11":0,"12":0,"13":0,"14":0,"15":0,"16":0,"17":0,"18":0,"19":0,"20":0,"21":0,"22":0,"23":0},"f":{"0":0,"1":0,"2":0,"3":0,"4":0,"5":0,"6":0,"7":0,"8":0,"9":0,"10":0,"11":0,"12":0,"13":0},"b":{}}
,"/Users/markusahlstrand/Projects/cloudworker-auth/src/migrate/migrations/index.ts": {"path":"/Users/markusahlstrand/Projects/cloudworker-auth/src/migrate/migrations/index.ts","statementMap":{"0":{"start":{"line":1,"column":0},"end":{"line":1,"column":51}},"1":{"start":{"line":3,"column":0},"end":{"line":3,"column":24}}},"fnMap":{},"branchMap":{},"s":{"0":0,"1":0},"f":{},"b":{}}
,"/Users/markusahlstrand/Projects/cloudworker-auth/src/models/Certificate.ts": {"path":"/Users/markusahlstrand/Projects/cloudworker-auth/src/models/Certificate.ts","statementMap":{"0":{"start":{"line":2,"column":0},"end":{"line":2,"column":61}},"1":{"start":{"line":12,"column":29},"end":{"line":12,"column":66}},"2":{"start":{"line":13,"column":2},"end":{"line":15,"column":null}},"3":{"start":{"line":14,"column":4},"end":{"line":14,"column":44}},"4":{"start":{"line":17,"column":35},"end":{"line":23,"column":10}},"5":{"start":{"line":21,"column":8},"end":{"line":21,"column":71}},"6":{"start":{"line":25,"column":2},"end":{"line":25,"column":21}},"7":{"start":{"line":11,"column":0},"end":{"line":11,"column":7}}},"fnMap":{"0":{"name":"getCertificate","decl":{"start":{"line":11,"column":22},"end":{"line":11,"column":36}},"loc":{"start":{"line":11,"column":45},"end":{"line":26,"column":1}}},"1":{"name":"(anonymous_1)","decl":{"start":{"line":20,"column":6},"end":{"line":20,"column":7}},"loc":{"start":{"line":21,"column":8},"end":{"line":21,"column":71}}}},"branchMap":{"0":{"loc":{"start":{"line":13,"column":2},"end":{"line":15,"column":null}},"type":"if","locations":[{"start":{"line":13,"column":2},"end":{"line":15,"column":null}}]}},"s":{"0":3,"1":1,"2":1,"3":0,"4":1,"5":1,"6":1,"7":3},"f":{"0":1,"1":1},"b":{"0":[0]}}
,"/Users/markusahlstrand/Projects/cloudworker-auth/src/models/State.ts": {"path":"/Users/markusahlstrand/Projects/cloudworker-auth/src/models/State.ts","statementMap":{"0":{"start":{"line":1,"column":0},"end":{"line":1,"column":60}},"1":{"start":{"line":2,"column":0},"end":{"line":2,"column":40}},"2":{"start":{"line":3,"column":0},"end":{"line":3,"column":24}},"3":{"start":{"line":5,"column":10},"end":{"line":5,"column":46}},"4":{"start":{"line":7,"column":24},"end":{"line":7,"column":35}},"5":{"start":{"line":9,"column":14},"end":{"line":9,"column":21}},"6":{"start":{"line":11,"column":13},"end":{"line":28,"column":3}},"7":{"start":{"line":20,"column":6},"end":{"line":20,"column":54}},"8":{"start":{"line":21,"column":6},"end":{"line":21,"column":64}},"9":{"start":{"line":24,"column":18},"end":{"line":24,"column":60}},"10":{"start":{"line":26,"column":4},"end":{"line":26,"column":17}},"11":{"start":{"line":31,"column":2},"end":{"line":31,"column":30}},"12":{"start":{"line":32,"column":2},"end":{"line":32,"column":28}},"13":{"start":{"line":30,"column":0},"end":{"line":30,"column":7}},"14":{"start":{"line":37,"column":13},"end":{"line":37,"column":71}}},"fnMap":{"0":{"name":"(anonymous_0)","decl":{"start":{"line":19,"column":14},"end":{"line":19,"column":19}},"loc":{"start":{"line":19,"column":39},"end":{"line":22,"column":5}}},"1":{"name":"(anonymous_1)","decl":{"start":{"line":23,"column":34},"end":{"line":23,"column":39}},"loc":{"start":{"line":23,"column":59},"end":{"line":27,"column":3}}},"2":{"name":"stateAlarm","decl":{"start":{"line":30,"column":22},"end":{"line":30,"column":32}},"loc":{"start":{"line":30,"column":58},"end":{"line":33,"column":1}}}},"branchMap":{},"s":{"0":3,"1":3,"2":3,"3":3,"4":3,"5":3,"6":3,"7":0,"8":0,"9":0,"10":0,"11":0,"12":0,"13":3,"14":3},"f":{"0":0,"1":0,"2":0},"b":{}}
,"/Users/markusahlstrand/Projects/cloudworker-auth/src/models/User.ts": {"path":"/Users/markusahlstrand/Projects/cloudworker-auth/src/models/User.ts","statementMap":{"0":{"start":{"line":1,"column":0},"end":{"line":1,"column":51}},"1":{"start":{"line":2,"column":0},"end":{"line":2,"column":30}},"2":{"start":{"line":3,"column":0},"end":{"line":3,"column":40}},"3":{"start":{"line":4,"column":0},"end":{"line":4,"column":24}},"4":{"start":{"line":7,"column":0},"end":{"line":7,"column":39}},"5":{"start":{"line":8,"column":0},"end":{"line":8,"column":null}},"6":{"start":{"line":17,"column":0},"end":{"line":17,"column":36}},"7":{"start":{"line":19,"column":0},"end":{"line":19,"column":76}},"8":{"start":{"line":29,"column":10},"end":{"line":29,"column":46}},"9":{"start":{"line":31,"column":24},"end":{"line":31,"column":35}},"10":{"start":{"line":33,"column":15},"end":{"line":33,"column":23}},"11":{"start":{"line":35,"column":0},"end":{"line":35,"column":null}},"12":{"start":{"line":36,"column":2},"end":{"line":36,"column":null}},"13":{"start":{"line":37,"column":2},"end":{"line":37,"column":null}},"14":{"start":{"line":38,"column":2},"end":{"line":38,"column":null}},"15":{"start":{"line":39,"column":2},"end":{"line":39,"column":null}},"16":{"start":{"line":40,"column":2},"end":{"line":40,"column":null}},"17":{"start":{"line":41,"column":2},"end":{"line":41,"column":null}},"18":{"start":{"line":42,"column":2},"end":{"line":42,"column":null}},"19":{"start":{"line":45,"column":23},"end":{"line":53,"column":2}},"20":{"start":{"line":56,"column":24},"end":{"line":64,"column":2}},"21":{"start":{"line":69,"column":25},"end":{"line":69,"column":71}},"22":{"start":{"line":70,"column":2},"end":{"line":72,"column":null}},"23":{"start":{"line":71,"column":4},"end":{"line":71,"column":16}},"24":{"start":{"line":74,"column":2},"end":{"line":74,"column":36}},"25":{"start":{"line":83,"column":24},"end":{"line":83,"column":49}},"26":{"start":{"line":85,"column":2},"end":{"line":93,"column":null}},"27":{"start":{"line":86,"column":4},"end":{"line":92,"column":6}},"28":{"start":{"line":95,"column":34},"end":{"line":98,"column":4}},"29":{"start":{"line":100,"column":2},"end":{"line":114,"column":5}},"30":{"start":{"line":102,"column":4},"end":{"line":104,"column":6}},"31":{"start":{"line":103,"column":13},"end":{"line":103,"column":39}},"32":{"start":{"line":106,"column":4},"end":{"line":106,"column":49}},"33":{"start":{"line":109,"column":4},"end":{"line":113,"column":9}},"34":{"start":{"line":110,"column":23},"end":{"line":110,"column":60}},"35":{"start":{"line":112,"column":8},"end":{"line":112,"column":73}},"36":{"start":{"line":117,"column":2},"end":{"line":119,"column":5}},"37":{"start":{"line":117,"column":33},"end":{"line":117,"column":45}},"38":{"start":{"line":118,"column":4},"end":{"line":118,"column":39}},"39":{"start":{"line":121,"column":2},"end":{"line":121,"column":73}},"40":{"start":{"line":123,"column":2},"end":{"line":127,"column":4}},"41":{"start":{"line":129,"column":2},"end":{"line":129,"column":24}},"42":{"start":{"line":132,"column":13},"end":{"line":358,"column":3}},"43":{"start":{"line":140,"column":27},"end":{"line":144,"column":8}},"44":{"start":{"line":146,"column":6},"end":{"line":149,"column":8}},"45":{"start":{"line":151,"column":6},"end":{"line":151,"column":20}},"46":{"start":{"line":156,"column":27},"end":{"line":159,"column":8}},"47":{"start":{"line":161,"column":6},"end":{"line":164,"column":8}},"48":{"start":{"line":166,"column":6},"end":{"line":166,"column":20}},"49":{"start":{"line":171,"column":27},"end":{"line":174,"column":8}},"50":{"start":{"line":176,"column":6},"end":{"line":179,"column":8}},"51":{"start":{"line":181,"column":6},"end":{"line":181,"column":20}},"52":{"start":{"line":184,"column":20},"end":{"line":184,"column":55}},"53":{"start":{"line":185,"column":4},"end":{"line":187,"column":null}},"54":{"start":{"line":186,"column":6},"end":{"line":186,"column":24}},"55":{"start":{"line":189,"column":4},"end":{"line":189,"column":19}},"56":{"start":{"line":192,"column":4},"end":{"line":192,"column":70}},"57":{"start":{"line":197,"column":27},"end":{"line":198,"column":null}},"58":{"start":{"line":201,"column":6},"end":{"line":203,"column":null}},"59":{"start":{"line":202,"column":8},"end":{"line":202,"column":38}},"60":{"start":{"line":205,"column":6},"end":{"line":208,"column":8}},"61":{"start":{"line":213,"column":6},"end":{"line":213,"column":69}},"62":{"start":{"line":218,"column":6},"end":{"line":221,"column":8}},"63":{"start":{"line":248,"column":22},"end":{"line":251,"column":null}},"64":{"start":{"line":254,"column":6},"end":{"line":254,"column":21}},"65":{"start":{"line":263,"column":25},"end":{"line":264,"column":null}},"66":{"start":{"line":267,"column":6},"end":{"line":269,"column":null}},"67":{"start":{"line":268,"column":8},"end":{"line":268,"column":32}},"68":{"start":{"line":271,"column":25},"end":{"line":271,"column":47}},"69":{"start":{"line":273,"column":6},"end":{"line":275,"column":null}},"70":{"start":{"line":274,"column":8},"end":{"line":274,"column":37}},"71":{"start":{"line":277,"column":6},"end":{"line":279,"column":null}},"72":{"start":{"line":278,"column":8},"end":{"line":278,"column":51}},"73":{"start":{"line":281,"column":6},"end":{"line":291,"column":8}},"74":{"start":{"line":294,"column":6},"end":{"line":294,"column":70}},"75":{"start":{"line":296,"column":6},"end":{"line":296,"column":29}},"76":{"start":{"line":301,"column":19},"end":{"line":302,"column":null}},"77":{"start":{"line":305,"column":6},"end":{"line":307,"column":null}},"78":{"start":{"line":306,"column":8},"end":{"line":306,"column":41}},"79":{"start":{"line":309,"column":6},"end":{"line":311,"column":null}},"80":{"start":{"line":310,"column":8},"end":{"line":310,"column":37}},"81":{"start":{"line":313,"column":6},"end":{"line":315,"column":null}},"82":{"start":{"line":314,"column":8},"end":{"line":314,"column":51}},"83":{"start":{"line":318,"column":6},"end":{"line":318,"column":68}},"84":{"start":{"line":321,"column":6},"end":{"line":321,"column":70}},"85":{"start":{"line":326,"column":38},"end":{"line":327,"column":null}},"86":{"start":{"line":330,"column":6},"end":{"line":332,"column":null}},"87":{"start":{"line":331,"column":8},"end":{"line":331,"column":26}},"88":{"start":{"line":334,"column":38},"end":{"line":334,"column":73}},"89":{"start":{"line":336,"column":6},"end":{"line":341,"column":8}},"90":{"start":{"line":346,"column":27},"end":{"line":347,"column":null}},"91":{"start":{"line":350,"column":6},"end":{"line":352,"column":null}},"92":{"start":{"line":351,"column":8},"end":{"line":351,"column":37}},"93":{"start":{"line":354,"column":6},"end":{"line":356,"column":null}},"94":{"start":{"line":355,"column":8},"end":{"line":355,"column":41}},"95":{"start":{"line":363,"column":2},"end":{"line":363,"column":32}},"96":{"start":{"line":362,"column":0},"end":{"line":362,"column":16}},"97":{"start":{"line":366,"column":13},"end":{"line":366,"column":61}}},"fnMap":{"0":{"name":"(anonymous_1)","decl":{"start":{"line":35,"column":0},"end":{"line":35,"column":5}},"loc":{"start":{"line":35,"column":16},"end":{"line":43,"column":1}}},"1":{"name":"getProfile","decl":{"start":{"line":66,"column":15},"end":{"line":66,"column":25}},"loc":{"start":{"line":67,"column":31},"end":{"line":75,"column":1}}},"2":{"name":"updateUser","decl":{"start":{"line":78,"column":15},"end":{"line":78,"column":25}},"loc":{"start":{"line":81,"column":65},"end":{"line":130,"column":1}}},"3":{"name":"(anonymous_4)","decl":{"start":{"line":100,"column":31},"end":{"line":100,"column":32}},"loc":{"start":{"line":100,"column":46},"end":{"line":114,"column":3}}},"4":{"name":"(anonymous_5)","decl":{"start":{"line":103,"column":6},"end":{"line":103,"column":7}},"loc":{"start":{"line":103,"column":13},"end":{"line":103,"column":39}}},"5":{"name":"(anonymous_6)","decl":{"start":{"line":110,"column":14},"end":{"line":110,"column":15}},"loc":{"start":{"line":110,"column":23},"end":{"line":110,"column":60}}},"6":{"name":"(anonymous_7)","decl":{"start":{"line":111,"column":15},"end":{"line":111,"column":16}},"loc":{"start":{"line":111,"column":23},"end":{"line":113,"column":7}}},"7":{"name":"(anonymous_8)","decl":{"start":{"line":117,"column":24},"end":{"line":117,"column":25}},"loc":{"start":{"line":117,"column":33},"end":{"line":117,"column":45}}},"8":{"name":"(anonymous_9)","decl":{"start":{"line":117,"column":55},"end":{"line":117,"column":56}},"loc":{"start":{"line":117,"column":63},"end":{"line":119,"column":3}}},"9":{"name":"(anonymous_10)","decl":{"start":{"line":139,"column":14},"end":{"line":139,"column":19}},"loc":{"start":{"line":139,"column":39},"end":{"line":152,"column":5}}},"10":{"name":"(anonymous_11)","decl":{"start":{"line":155,"column":11},"end":{"line":155,"column":16}},"loc":{"start":{"line":155,"column":36},"end":{"line":167,"column":5}}},"11":{"name":"(anonymous_12)","decl":{"start":{"line":170,"column":14},"end":{"line":170,"column":19}},"loc":{"start":{"line":170,"column":39},"end":{"line":182,"column":5}}},"12":{"name":"(anonymous_13)","decl":{"start":{"line":183,"column":36},"end":{"line":183,"column":41}},"loc":{"start":{"line":183,"column":54},"end":{"line":190,"column":3}}},"13":{"name":"(anonymous_14)","decl":{"start":{"line":191,"column":42},"end":{"line":191,"column":47}},"loc":{"start":{"line":191,"column":60},"end":{"line":193,"column":3}}},"14":{"name":"(anonymous_15)","decl":{"start":{"line":196,"column":14},"end":{"line":196,"column":19}},"loc":{"start":{"line":196,"column":39},"end":{"line":209,"column":5}}},"15":{"name":"(anonymous_16)","decl":{"start":{"line":212,"column":14},"end":{"line":212,"column":19}},"loc":{"start":{"line":212,"column":39},"end":{"line":214,"column":5}}},"16":{"name":"(anonymous_17)","decl":{"start":{"line":217,"column":14},"end":{"line":217,"column":19}},"loc":{"start":{"line":217,"column":39},"end":{"line":222,"column":5}}},"17":{"name":"(anonymous_18)","decl":{"start":{"line":247,"column":14},"end":{"line":247,"column":19}},"loc":{"start":{"line":247,"column":39},"end":{"line":255,"column":5}}},"18":{"name":"(anonymous_19)","decl":{"start":{"line":262,"column":14},"end":{"line":262,"column":19}},"loc":{"start":{"line":262,"column":39},"end":{"line":297,"column":5}}},"19":{"name":"(anonymous_20)","decl":{"start":{"line":300,"column":11},"end":{"line":300,"column":16}},"loc":{"start":{"line":300,"column":36},"end":{"line":322,"column":5}}},"20":{"name":"(anonymous_21)","decl":{"start":{"line":325,"column":11},"end":{"line":325,"column":16}},"loc":{"start":{"line":325,"column":36},"end":{"line":342,"column":5}}},"21":{"name":"(anonymous_22)","decl":{"start":{"line":345,"column":14},"end":{"line":345,"column":19}},"loc":{"start":{"line":345,"column":39},"end":{"line":357,"column":5}}},"22":{"name":"getId","decl":{"start":{"line":362,"column":16},"end":{"line":362,"column":21}},"loc":{"start":{"line":362,"column":53},"end":{"line":364,"column":1}}}},"branchMap":{"0":{"loc":{"start":{"line":35,"column":5},"end":{"line":35,"column":null}},"type":"binary-expr","locations":[{"start":{"line":35,"column":5},"end":{"line":35,"column":16}},{"start":{"line":35,"column":5},"end":{"line":35,"column":null}}]},"1":{"loc":{"start":{"line":70,"column":2},"end":{"line":72,"column":null}},"type":"if","locations":[{"start":{"line":70,"column":2},"end":{"line":72,"column":null}}]},"2":{"loc":{"start":{"line":85,"column":2},"end":{"line":93,"column":null}},"type":"if","locations":[{"start":{"line":85,"column":2},"end":{"line":93,"column":null}}]},"3":{"loc":{"start":{"line":85,"column":6},"end":{"line":85,"column":45}},"type":"binary-expr","locations":[{"start":{"line":85,"column":6},"end":{"line":85,"column":22}},{"start":{"line":85,"column":26},"end":{"line":85,"column":45}}]},"4":{"loc":{"start":{"line":126,"column":4},"end":{"line":126,"column":67}},"type":"cond-expr","locations":[{"start":{"line":126,"column":22},"end":{"line":126,"column":43}},{"start":{"line":126,"column":46},"end":{"line":126,"column":67}}]},"5":{"loc":{"start":{"line":185,"column":4},"end":{"line":187,"column":null}},"type":"if","locations":[{"start":{"line":185,"column":4},"end":{"line":187,"column":null}}]},"6":{"loc":{"start":{"line":201,"column":6},"end":{"line":203,"column":null}},"type":"if","locations":[{"start":{"line":201,"column":6},"end":{"line":203,"column":null}}]},"7":{"loc":{"start":{"line":267,"column":6},"end":{"line":269,"column":null}},"type":"if","locations":[{"start":{"line":267,"column":6},"end":{"line":269,"column":null}}]},"8":{"loc":{"start":{"line":273,"column":6},"end":{"line":275,"column":null}},"type":"if","locations":[{"start":{"line":273,"column":6},"end":{"line":275,"column":null}}]},"9":{"loc":{"start":{"line":277,"column":6},"end":{"line":279,"column":null}},"type":"if","locations":[{"start":{"line":277,"column":6},"end":{"line":279,"column":null}}]},"10":{"loc":{"start":{"line":277,"column":10},"end":{"line":277,"column":54}},"type":"binary-expr","locations":[{"start":{"line":277,"column":10},"end":{"line":277,"column":24}},{"start":{"line":277,"column":28},"end":{"line":277,"column":54}}]},"11":{"loc":{"start":{"line":305,"column":6},"end":{"line":307,"column":null}},"type":"if","locations":[{"start":{"line":305,"column":6},"end":{"line":307,"column":null}}]},"12":{"loc":{"start":{"line":309,"column":6},"end":{"line":311,"column":null}},"type":"if","locations":[{"start":{"line":309,"column":6},"end":{"line":311,"column":null}}]},"13":{"loc":{"start":{"line":313,"column":6},"end":{"line":315,"column":null}},"type":"if","locations":[{"start":{"line":313,"column":6},"end":{"line":315,"column":null}}]},"14":{"loc":{"start":{"line":313,"column":10},"end":{"line":313,"column":54}},"type":"binary-expr","locations":[{"start":{"line":313,"column":10},"end":{"line":313,"column":24}},{"start":{"line":313,"column":28},"end":{"line":313,"column":54}}]},"15":{"loc":{"start":{"line":330,"column":6},"end":{"line":332,"column":null}},"type":"if","locations":[{"start":{"line":330,"column":6},"end":{"line":332,"column":null}}]},"16":{"loc":{"start":{"line":337,"column":8},"end":{"line":340,"column":47}},"type":"binary-expr","locations":[{"start":{"line":337,"column":8},"end":{"line":337,"column":25}},{"start":{"line":338,"column":8},"end":{"line":338,"column":40}},{"start":{"line":339,"column":8},"end":{"line":339,"column":48}},{"start":{"line":340,"column":8},"end":{"line":340,"column":47}}]},"17":{"loc":{"start":{"line":350,"column":6},"end":{"line":352,"column":null}},"type":"if","locations":[{"start":{"line":350,"column":6},"end":{"line":352,"column":null}}]},"18":{"loc":{"start":{"line":354,"column":6},"end":{"line":356,"column":null}},"type":"if","locations":[{"start":{"line":354,"column":6},"end":{"line":356,"column":null}}]}},"s":{"0":4,"1":4,"2":4,"3":4,"4":4,"5":4,"6":4,"7":4,"8":4,"9":4,"10":4,"11":4,"12":4,"13":4,"14":4,"15":4,"16":4,"17":4,"18":4,"19":4,"20":4,"21":4,"22":4,"23":3,"24":1,"25":4,"26":4,"27":3,"28":4,"29":4,"30":3,"31":2,"32":3,"33":3,"34":21,"35":17,"36":4,"37":28,"38":6,"39":4,"40":4,"41":4,"42":4,"43":0,"44":0,"45":0,"46":0,"47":0,"48":0,"49":0,"50":0,"51":0,"52":0,"53":0,"54":0,"55":0,"56":0,"57":0,"58":0,"59":0,"60":0,"61":0,"62":0,"63":3,"64":3,"65":4,"66":4,"67":1,"68":3,"69":3,"70":1,"71":2,"72":1,"73":1,"74":1,"75":1,"76":0,"77":0,"78":0,"79":0,"80":0,"81":0,"82":0,"83":0,"84":0,"85":0,"86":0,"87":0,"88":0,"89":0,"90":2,"91":2,"92":0,"93":2,"94":1,"95":0,"96":4,"97":4},"f":{"0":4,"1":4,"2":4,"3":3,"4":2,"5":21,"6":17,"7":28,"8":6,"9":0,"10":0,"11":0,"12":0,"13":0,"14":0,"15":0,"16":0,"17":3,"18":4,"19":0,"20":0,"21":2,"22":0},"b":{"0":[4,4],"1":[3],"2":[3],"3":[4,1],"4":[4,0],"5":[0],"6":[0],"7":[1],"8":[1],"9":[1],"10":[2,2],"11":[0],"12":[0],"13":[0],"14":[0,0],"15":[0],"16":[0,0,0,0],"17":[0],"18":[1]}}
,"/Users/markusahlstrand/Projects/cloudworker-auth/src/models/index.ts": {"path":"/Users/markusahlstrand/Projects/cloudworker-auth/src/models/index.ts","statementMap":{"0":{"start":{"line":1,"column":0},"end":{"line":1,"column":30}},"1":{"start":{"line":2,"column":0},"end":{"line":2,"column":23}},"2":{"start":{"line":3,"column":0},"end":{"line":3,"column":24}}},"fnMap":{},"branchMap":{},"s":{"0":3,"1":3,"2":3},"f":{},"b":{}}
,"/Users/markusahlstrand/Projects/cloudworker-auth/src/routes/login.ts": {"path":"/Users/markusahlstrand/Projects/cloudworker-auth/src/routes/login.ts","statementMap":{"0":{"start":{"line":2,"column":0},"end":{"line":2,"column":29}},"1":{"start":{"line":6,"column":15},"end":{"line":6,"column":30}},"2":{"start":{"line":8,"column":17},"end":{"line":8,"column":77}},"3":{"start":{"line":10,"column":2},"end":{"line":17,"column":null}},"4":{"start":{"line":11,"column":4},"end":{"line":16,"column":7}},"5":{"start":{"line":19,"column":2},"end":{"line":24,"column":5}},"6":{"start":{"line":5,"column":0},"end":{"line":5,"column":7}}},"fnMap":{"0":{"name":"serve","decl":{"start":{"line":5,"column":22},"end":{"line":5,"column":27}},"loc":{"start":{"line":5,"column":45},"end":{"line":25,"column":1}}}},"branchMap":{"0":{"loc":{"start":{"line":10,"column":2},"end":{"line":17,"column":null}},"type":"if","locations":[{"start":{"line":10,"column":2},"end":{"line":17,"column":null}}]},"1":{"loc":{"start":{"line":21,"column":22},"end":{"line":21,"column":56}},"type":"binary-expr","locations":[{"start":{"line":21,"column":22},"end":{"line":21,"column":40}},{"start":{"line":21,"column":44},"end":{"line":21,"column":56}}]}},"s":{"0":0,"1":0,"2":0,"3":0,"4":0,"5":0,"6":0},"f":{"0":0},"b":{"0":[0],"1":[0,0]}}
,"/Users/markusahlstrand/Projects/cloudworker-auth/src/routes/rotate-keys.ts": {"path":"/Users/markusahlstrand/Projects/cloudworker-auth/src/routes/rotate-keys.ts","statementMap":{"0":{"start":{"line":1,"column":0},"end":{"line":1,"column":61}},"1":{"start":{"line":4,"column":0},"end":{"line":4,"column":45}},"2":{"start":{"line":7,"column":29},"end":{"line":7,"column":66}},"3":{"start":{"line":8,"column":38},"end":{"line":10,"column":8}},"4":{"start":{"line":12,"column":25},"end":{"line":12,"column":39}},"5":{"start":{"line":13,"column":2},"end":{"line":13,"column":36}},"6":{"start":{"line":15,"column":46},"end":{"line":17,"column":null}},"7":{"start":{"line":17,"column":6},"end":{"line":17,"column":79}},"8":{"start":{"line":20,"column":2},"end":{"line":20,"column":78}},"9":{"start":{"line":6,"column":0},"end":{"line":6,"column":15}}},"fnMap":{"0":{"name":"rotateKeys","decl":{"start":{"line":6,"column":30},"end":{"line":6,"column":40}},"loc":{"start":{"line":6,"column":49},"end":{"line":21,"column":1}}},"1":{"name":"(anonymous_1)","decl":{"start":{"line":16,"column":4},"end":{"line":16,"column":5}},"loc":{"start":{"line":17,"column":6},"end":{"line":17,"column":79}}}},"branchMap":{"0":{"loc":{"start":{"line":8,"column":38},"end":{"line":10,"column":8}},"type":"cond-expr","locations":[{"start":{"line":9,"column":6},"end":{"line":9,"column":36}},{"start":{"line":10,"column":6},"end":{"line":10,"column":8}}]}},"s":{"0":0,"1":0,"2":0,"3":0,"4":0,"5":0,"6":0,"7":0,"8":0,"9":0},"f":{"0":0,"1":0},"b":{"0":[0,0]}}
,"/Users/markusahlstrand/Projects/cloudworker-auth/src/routes/swagger-ui.ts": {"path":"/Users/markusahlstrand/Projects/cloudworker-auth/src/routes/swagger-ui.ts","statementMap":{"0":{"start":{"line":5,"column":2},"end":{"line":66,"column":9}},"1":{"start":{"line":70,"column":2},"end":{"line":74,"column":5}},"2":{"start":{"line":69,"column":0},"end":{"line":69,"column":15}}},"fnMap":{"0":{"name":"getSwaggerHtml","decl":{"start":{"line":4,"column":9},"end":{"line":4,"column":23}},"loc":{"start":{"line":4,"column":23},"end":{"line":67,"column":1}}},"1":{"name":"swaggerUi","decl":{"start":{"line":69,"column":30},"end":{"line":69,"column":39}},"loc":{"start":{"line":69,"column":57},"end":{"line":75,"column":1}}}},"branchMap":{},"s":{"0":0,"1":0,"2":0},"f":{"0":0,"1":0},"b":{}}
[...]
,"/Users/markusahlstrand/Projects/cloudworker-auth/src/templates/render.ts": {"path":"/Users/markusahlstrand/Projects/cloudworker-auth/src/templates/render.ts","statementMap":{"0":{"start":{"line":2,"column":0},"end":{"line":2,"column":34}},"1":{"start":{"line":3,"column":0},"end":{"line":3,"column":41}},"2":{"start":{"line":6,"column":15},"end":{"line":6,"column":27}},"3":{"start":{"line":9,"column":17},"end":{"line":9,"column":69}},"4":{"start":{"line":11,"column":2},"end":{"line":13,"column":null}},"5":{"start":{"line":12,"column":4},"end":{"line":12,"column":42}},"6":{"start":{"line":15,"column":25},"end":{"line":15,"column":46}},"7":{"start":{"line":17,"column":2},"end":{"line":17,"column":38}},"8":{"start":{"line":25,"column":19},"end":{"line":25,"column":59}},"9":{"start":{"line":27,"column":2},"end":{"line":27,"column":52}},"10":{"start":{"line":28,"column":2},"end":{"line":28,"column":28}},"11":{"start":{"line":30,"column":2},"end":{"line":30,"column":42}},"12":{"start":{"line":20,"column":0},"end":{"line":20,"column":7}},"13":{"start":{"line":42,"column":25},"end":{"line":42,"column":60}},"14":{"start":{"line":44,"column":19},"end":{"line":44,"column":63}},"15":{"start":{"line":46,"column":2},"end":{"line":46,"column":52}},"16":{"start":{"line":47,"column":2},"end":{"line":47,"column":28}},"17":{"start":{"line":49,"column":16},"end":{"line":49,"column":47}},"18":{"start":{"line":50,"column":18},"end":{"line":50,"column":56}},"19":{"start":{"line":51,"column":2},"end":{"line":55,"column":5}},"20":{"start":{"line":33,"column":0},"end":{"line":33,"column":7}},"21":{"start":{"line":69,"column":25},"end":{"line":69,"column":60}},"22":{"start":{"line":71,"column":19},"end":{"line":71,"column":53}},"23":{"start":{"line":73,"column":2},"end":{"line":73,"column":52}},"24":{"start":{"line":74,"column":2},"end":{"line":74,"column":28}},"25":{"start":{"line":76,"column":21},"end":{"line":76,"column":52}},"26":{"start":{"line":77,"column":18},"end":{"line":80,"column":4}},"27":{"start":{"line":81,"column":2},"end":{"line":84,"column":5}},"28":{"start":{"line":64,"column":0},"end":{"line":64,"column":7}},"29":{"start":{"line":99,"column":25},"end":{"line":99,"column":60}},"30":{"start":{"line":101,"column":19},"end":{"line":101,"column":54}},"31":{"start":{"line":103,"column":2},"end":{"line":103,"column":52}},"32":{"start":{"line":104,"column":2},"end":{"line":104,"column":28}},"33":{"start":{"line":106,"column":18},"end":{"line":106,"column":56}},"34":{"start":{"line":107,"column":2},"end":{"line":110,"column":5}},"35":{"start":{"line":94,"column":0},"end":{"line":94,"column":7}},"36":{"start":{"line":123,"column":25},"end":{"line":123,"column":60}},"37":{"start":{"line":125,"column":19},"end":{"line":125,"column":55}},"38":{"start":{"line":127,"column":2},"end":{"line":127,"column":52}},"39":{"start":{"line":128,"column":2},"end":{"line":128,"column":28}},"40":{"start":{"line":130,"column":18},"end":{"line":130,"column":56}},"41":{"start":{"line":131,"column":2},"end":{"line":134,"column":5}},"42":{"start":{"line":118,"column":0},"end":{"line":118,"column":7}},"43":{"start":{"line":150,"column":25},"end":{"line":150,"column":60}},"44":{"start":{"line":152,"column":19},"end":{"line":152,"column":62}},"45":{"start":{"line":154,"column":2},"end":{"line":154,"column":52}},"46":{"start":{"line":155,"column":2},"end":{"line":155,"column":28}},"47":{"start":{"line":157,"column":18},"end":{"line":157,"column":56}},"48":{"start":{"line":158,"column":2},"end":{"line":161,"column":5}},"49":{"start":{"line":145,"column":0},"end":{"line":145,"column":7}}},"fnMap":{"0":{"name":"getTemplate","decl":{"start":{"line":8,"column":15},"end":{"line":8,"column":26}},"loc":{"start":{"line":8,"column":65},"end":{"line":18,"column":1}}},"1":{"name":"renderAuthIframe","decl":{"start":{"line":20,"column":22},"end":{"line":20,"column":38}},"loc":{"start":{"line":23,"column":50},"end":{"line":31,"column":1}}},"2":{"name":"renderForgotPassword","decl":{"start":{"line":33,"column":22},"end":{"line":33,"column":42}},"loc":{"start":{"line":40,"column":3},"end":{"line":56,"column":1}}},"3":{"name":"renderLogin","decl":{"start":{"line":64,"column":22},"end":{"line":64,"column":33}},"loc":{"start":{"line":67,"column":29},"end":{"line":85,"column":1}}},"4":{"name":"renderSignup","decl":{"start":{"line":94,"column":22},"end":{"line":94,"column":34}},"loc":{"start":{"line":97,"column":30},"end":{"line":111,"column":1}}},"5":{"name":"renderMessage","decl":{"start":{"line":118,"column":22},"end":{"line":118,"column":35}},"loc":{"start":{"line":121,"column":31},"end":{"line":135,"column":1}}},"6":{"name":"renderResetPassword","decl":{"start":{"line":145,"column":22},"end":{"line":145,"column":41}},"loc":{"start":{"line":148,"column":37},"end":{"line":162,"column":1}}}},"branchMap":{"0":{"loc":{"start":{"line":11,"column":2},"end":{"line":13,"column":null}},"type":"if","locations":[{"start":{"line":11,"column":2},"end":{"line":13,"column":null}}]}},"s":{"0":3,"1":3,"2":3,"3":2,"4":2,"5":0,"6":2,"7":2,"8":2,"9":2,"10":2,"11":2,"12":3,"13":0,"14":0,"15":0,"16":0,"17":0,"18":0,"19":0,"20":3,"21":0,"22":0,"23":0,"24":0,"25":0,"26":0,"27":0,"28":3,"29":0,"30":0,"31":0,"32":0,"33":0,"34":0,"35":3,"36":0,"37":0,"38":0,"39":0,"40":0,"41":0,"42":3,"43":0,"44":0,"45":0,"46":0,"47":0,"48":0,"49":3},"f":{"0":2,"1":2,"2":0,"3":0,"4":0,"5":0,"6":0},"b":{"0":[0]}}
,"/Users/markusahlstrand/Projects/cloudworker-auth/src/templates/static/login.js": {"path":"/Users/markusahlstrand/Projects/cloudworker-auth/src/templates/static/login.js","statementMap":{"0":{"start":{"line":2,"column":13},"end":{"line":2,"column":43}},"1":{"start":{"line":3,"column":22},"end":{"line":3,"column":53}},"2":{"start":{"line":4,"column":29},"end":{"line":4,"column":68}},"3":{"start":{"line":7,"column":0},"end":{"line":38,"column":3}},"4":{"start":{"line":9,"column":2},"end":{"line":9,"column":25}},"5":{"start":{"line":12,"column":2},"end":{"line":15,"column":null}},"6":{"start":{"line":13,"column":4},"end":{"line":13,"column":46}},"7":{"start":{"line":14,"column":4},"end":{"line":14,"column":11}},"8":{"start":{"line":18,"column":2},"end":{"line":21,"column":null}},"9":{"start":{"line":19,"column":4},"end":{"line":19,"column":48}},"10":{"start":{"line":20,"column":4},"end":{"line":20,"column":11}},"11":{"start":{"line":24,"column":2},"end":{"line":37,"column":4}},"12":{"start":{"line":31,"column":6},"end":{"line":35,"column":null}},"13":{"start":{"line":32,"column":8},"end":{"line":32,"column":32}},"14":{"start":{"line":34,"column":8},"end":{"line":34,"column":44}},"15":{"start":{"line":42,"column":24},"end":{"line":42,"column":64}},"16":{"start":{"line":43,"column":2},"end":{"line":43,"column":38}},"17":{"start":{"line":48,"column":19},"end":{"line":48,"column":47}},"18":{"start":{"line":49,"column":2},"end":{"line":49,"column":31}},"19":{"start":{"line":50,"column":2},"end":{"line":50,"column":35}},"20":{"start":{"line":55,"column":14},"end":{"line":55,"column":34}},"21":{"start":{"line":56,"column":2},"end":{"line":56,"column":38}},"22":{"start":{"line":57,"column":2},"end":{"line":57,"column":59}},"23":{"start":{"line":58,"column":2},"end":{"line":64,"column":4}},"24":{"start":{"line":59,"column":4},"end":{"line":63,"column":null}},"25":{"start":{"line":60,"column":6},"end":{"line":60,"column":21}},"26":{"start":{"line":62,"column":6},"end":{"line":62,"column":33}},"27":{"start":{"line":65,"column":2},"end":{"line":65,"column":33}}},"fnMap":{"0":{"name":"(anonymous_0)","decl":{"start":{"line":7,"column":32},"end":{"line":7,"column":42}},"loc":{"start":{"line":7,"column":47},"end":{"line":38,"column":1}}},"1":{"name":"(anonymous_1)","decl":{"start":{"line":30,"column":4},"end":{"line":30,"column":14}},"loc":{"start":{"line":30,"column":19},"end":{"line":36,"column":5}}},"2":{"name":"validatePasswordStrength","decl":{"start":{"line":41,"column":9},"end":{"line":41,"column":33}},"loc":{"start":{"line":41,"column":42},"end":{"line":44,"column":1}}},"3":{"name":"showErrorMessage","decl":{"start":{"line":47,"column":9},"end":{"line":47,"column":25}},"loc":{"start":{"line":47,"column":33},"end":{"line":51,"column":1}}},"4":{"name":"createAccount","decl":{"start":{"line":54,"column":9},"end":{"line":54,"column":22}},"loc":{"start":{"line":54,"column":37},"end":{"line":66,"column":1}}},"5":{"name":"(anonymous_5)","decl":{"start":{"line":58,"column":15},"end":{"line":58,"column":null}},"loc":{"start":{"line":58,"column":15},"end":{"line":64,"column":3}}}},"branchMap":{"0":{"loc":{"start":{"line":12,"column":2},"end":{"line":15,"column":null}},"type":"if","locations":[{"start":{"line":12,"column":2},"end":{"line":15,"column":null}}]},"1":{"loc":{"start":{"line":18,"column":2},"end":{"line":21,"column":null}},"type":"if","locations":[{"start":{"line":18,"column":2},"end":{"line":21,"column":null}}]},"2":{"loc":{"start":{"line":31,"column":6},"end":{"line":35,"column":null}},"type":"if","locations":[{"start":{"line":31,"column":6},"end":{"line":35,"column":null}},{"start":{"line":33,"column":13},"end":{"line":35,"column":null}}]},"3":{"loc":{"start":{"line":59,"column":4},"end":{"line":63,"column":null}},"type":"if","locations":[{"start":{"line":59,"column":4},"end":{"line":63,"column":null}},{"start":{"line":61,"column":11},"end":{"line":63,"column":null}}]}},"s":{"0":0,"1":0,"2":0,"3":0,"4":0,"5":0,"6":0,"7":0,"8":0,"9":0,"10":0,"11":0,"12":0,"13":0,"14":0,"15":0,"16":0,"17":0,"18":0,"19":0,"20":0,"21":0,"22":0,"23":0,"24":0,"25":0,"26":0,"27":0},"f":{"0":0,"1":0,"2":0,"3":0,"4":0,"5":0},"b":{"0":[0],"1":[0],"2":[0,0],"3":[0,0]}}
,"/Users/markusahlstrand/Projects/cloudworker-auth/src/types/AuthParams.ts": {"path":"/Users/markusahlstrand/Projects/cloudworker-auth/src/types/AuthParams.ts","statementMap":{"0":{"start":{"line":1,"column":0},"end":{"line":1,"column":null}},"1":{"start":{"line":2,"column":2},"end":{"line":2,"column":null}},"2":{"start":{"line":3,"column":2},"end":{"line":3,"column":null}},"3":{"start":{"line":4,"column":2},"end":{"line":4,"column":null}},"4":{"start":{"line":7,"column":0},"end":{"line":7,"column":null}},"5":{"start":{"line":8,"column":2},"end":{"line":8,"column":null}},"6":{"start":{"line":11,"column":0},"end":{"line":11,"column":null}},"7":{"start":{"line":12,"column":2},"end":{"line":12,"column":null}},"8":{"start":{"line":13,"column":2},"end":{"line":13,"column":null}}},"fnMap":{"0":{"name":"(anonymous_0)","decl":{"start":{"line":1,"column":0},"end":{"line":1,"column":12}},"loc":{"start":{"line":1,"column":37},"end":{"line":5,"column":1}}},"1":{"name":"(anonymous_1)","decl":{"start":{"line":7,"column":0},"end":{"line":7,"column":12}},"loc":{"start":{"line":7,"column":37},"end":{"line":9,"column":1}}},"2":{"name":"(anonymous_2)","decl":{"start":{"line":11,"column":0},"end":{"line":11,"column":12}},"loc":{"start":{"line":11,"column":31},"end":{"line":14,"column":1}}}},"branchMap":{"0":{"loc":{"start":{"line":1,"column":12},"end":{"line":1,"column":null}},"type":"binary-expr","locations":[{"start":{"line":1,"column":12},"end":{"line":1,"column":37}},{"start":{"line":1,"column":12},"end":{"line":1,"column":null}}]},"1":{"loc":{"start":{"line":7,"column":12},"end":{"line":7,"column":null}},"type":"binary-expr","locations":[{"start":{"line":7,"column":12},"end":{"line":7,"column":37}},{"start":{"line":7,"column":12},"end":{"line":7,"column":null}}]},"2":{"loc":{"start":{"line":11,"column":12},"end":{"line":11,"column":null}},"type":"binary-expr","locations":[{"start":{"line":11,"column":12},"end":{"line":11,"column":31}},{"start":{"line":11,"column":12},"end":{"line":11,"column":null}}]}},"s":{"0":4,"1":4,"2":4,"3":4,"4":4,"5":4,"6":4,"7":4,"8":4},"f":{"0":4,"1":4,"2":4},"b":{"0":[4,4],"1":[4,4],"2":[4,4]}}
,"/Users/markusahlstrand/Projects/cloudworker-auth/src/types/Token.ts": {"path":"/Users/markusahlstrand/Projects/cloudworker-auth/src/types/Token.ts","statementMap":{"0":{"start":{"line":1,"column":0},"end":{"line":1,"column":null}},"1":{"start":{"line":2,"column":2},"end":{"line":2,"column":null}},"2":{"start":{"line":3,"column":2},"end":{"line":3,"column":null}},"3":{"start":{"line":4,"column":2},"end":{"line":4,"column":null}},"4":{"start":{"line":5,"column":2},"end":{"line":5,"column":null}},"5":{"start":{"line":6,"column":2},"end":{"line":6,"column":null}}},"fnMap":{"0":{"name":"(anonymous_0)","decl":{"start":{"line":1,"column":0},"end":{"line":1,"column":12}},"loc":{"start":{"line":1,"column":21},"end":{"line":7,"column":1}}}},"branchMap":{"0":{"loc":{"start":{"line":1,"column":12},"end":{"line":1,"column":null}},"type":"binary-expr","locations":[{"start":{"line":1,"column":12},"end":{"line":1,"column":21}},{"start":{"line":1,"column":12},"end":{"line":1,"column":null}}]}},"s":{"0":4,"1":4,"2":4,"3":4,"4":4,"5":4},"f":{"0":4},"b":{"0":[4,4]}}
,"/Users/markusahlstrand/Projects/cloudworker-auth/src/types/index.ts": {"path":"/Users/markusahlstrand/Projects/cloudworker-auth/src/types/index.ts","statementMap":{"0":{"start":{"line":1,"column":0},"end":{"line":1,"column":22}},"1":{"start":{"line":2,"column":0},"end":{"line":2,"column":29}},"2":{"start":{"line":3,"column":0},"end":{"line":3,"column":24}},"3":{"start":{"line":4,"column":0},"end":{"line":4,"column":29}},"4":{"start":{"line":5,"column":0},"end":{"line":5,"column":25}},"5":{"start":{"line":6,"column":0},"end":{"line":6,"column":24}}},"fnMap":{},"branchMap":{},"s":{"0":4,"1":4,"2":4,"3":4,"4":4,"5":4},"f":{},"b":{}}
,"/Users/markusahlstrand/Projects/cloudworker-auth/src/types/sql/index.ts": {"path":"/Users/markusahlstrand/Projects/cloudworker-auth/src/types/sql/index.ts","statementMap":{"0":{"start":{"line":1,"column":0},"end":{"line":1,"column":31}},"1":{"start":{"line":2,"column":0},"end":{"line":2,"column":25}},"2":{"start":{"line":3,"column":0},"end":{"line":3,"column":23}},"3":{"start":{"line":4,"column":0},"end":{"line":4,"column":31}},"4":{"start":{"line":5,"column":0},"end":{"line":5,"column":21}}},"fnMap":{},"branchMap":{},"s":{"0":0,"1":0,"2":0,"3":0,"4":0},"f":{},"b":{}}
,"/Users/markusahlstrand/Projects/cloudworker-auth/src/utils/base64.ts": {"path":"/Users/markusahlstrand/Projects/cloudworker-auth/src/utils/base64.ts","statementMap":{"0":{"start":{"line":2,"column":2},"end":{"line":2,"column":78}},"1":{"start":{"line":1,"column":0},"end":{"line":1,"column":16}},"2":{"start":{"line":6,"column":2},"end":{"line":6,"column":58}},"3":{"start":{"line":5,"column":0},"end":{"line":5,"column":16}},"4":{"start":{"line":10,"column":15},"end":{"line":10,"column":17}},"5":{"start":{"line":11,"column":2},"end":{"line":15,"column":null}},"6":{"start":{"line":11,"column":15},"end":{"line":11,"column":16}},"7":{"start":{"line":12,"column":4},"end":{"line":14,"column":11}},"8":{"start":{"line":16,"column":2},"end":{"line":16,"column":24}},"9":{"start":{"line":9,"column":0},"end":{"line":9,"column":16}},"10":{"start":{"line":20,"column":14},"end":{"line":20,"column":25}},"11":{"start":{"line":21,"column":15},"end":{"line":21,"column":17}},"12":{"start":{"line":22,"column":2},"end":{"line":25,"column":null}},"13":{"start":{"line":22,"column":15},"end":{"line":22,"column":16}},"14":{"start":{"line":23,"column":16},"end":{"line":23,"column":46}},"15":{"start":{"line":24,"column":4},"end":{"line":24,"column":49}},"16":{"start":{"line":26,"column":2},"end":{"line":26,"column":16}},"17":{"start":{"line":19,"column":0},"end":{"line":19,"column":16}}},"fnMap":{"0":{"name":"encode","decl":{"start":{"line":1,"column":16},"end":{"line":1,"column":22}},"loc":{"start":{"line":1,"column":35},"end":{"line":3,"column":1}}},"1":{"name":"decode","decl":{"start":{"line":5,"column":16},"end":{"line":5,"column":22}},"loc":{"start":{"line":5,"column":35},"end":{"line":7,"column":1}}},"2":{"name":"hexToBase64","decl":{"start":{"line":9,"column":16},"end":{"line":9,"column":27}},"loc":{"start":{"line":9,"column":45},"end":{"line":17,"column":1}}},"3":{"name":"base64ToHex","decl":{"start":{"line":19,"column":16},"end":{"line":19,"column":27}},"loc":{"start":{"line":19,"column":39},"end":{"line":27,"column":1}}}},"branchMap":{"0":{"loc":{"start":{"line":12,"column":14},"end":{"line":14,"column":10}},"type":"cond-expr","locations":[{"start":{"line":13,"column":8},"end":{"line":13,"column":76}},{"start":{"line":14,"column":8},"end":{"line":14,"column":10}}]},"1":{"loc":{"start":{"line":24,"column":14},"end":{"line":24,"column":48}},"type":"cond-expr","locations":[{"start":{"line":24,"column":33},"end":{"line":24,"column":36}},{"start":{"line":24,"column":39},"end":{"line":24,"column":48}}]}},"s":{"0":4,"1":4,"2":4,"3":4,"4":3,"5":3,"6":3,"7":9,"8":3,"9":4,"10":4,"11":4,"12":4,"13":4,"14":24,"15":24,"16":4,"17":4},"f":{"0":4,"1":4,"2":3,"3":4},"b":{"0":[3,6],"1":[24,0]}}
,"/Users/markusahlstrand/Projects/cloudworker-auth/src/utils/otp.ts": {"path":"/Users/markusahlstrand/Projects/cloudworker-auth/src/utils/otp.ts","statementMap":{"0":{"start":{"line":2,"column":15},"end":{"line":2,"column":27}},"1":{"start":{"line":3,"column":12},"end":{"line":3,"column":14}},"2":{"start":{"line":4,"column":2},"end":{"line":6,"column":null}},"3":{"start":{"line":4,"column":15},"end":{"line":4,"column":16}},"4":{"start":{"line":5,"column":4},"end":{"line":5,"column":50}},"5":{"start":{"line":7,"column":2},"end":{"line":7,"column":13}},"6":{"start":{"line":1,"column":0},"end":{"line":1,"column":24}}},"fnMap":{"0":{"name":"generateOTP","decl":{"start":{"line":1,"column":24},"end":{"line":1,"column":35}},"loc":{"start":{"line":1,"column":35},"end":{"line":8,"column":1}}}},"branchMap":{},"s":{"0":0,"1":0,"2":0,"3":0,"4":0,"5":0,"6":4},"f":{"0":0},"b":{}}
,"/Users/markusahlstrand/Projects/cloudworker-auth/src/utils/random-string.ts": {"path":"/Users/markusahlstrand/Projects/cloudworker-auth/src/utils/random-string.ts","statementMap":{"0":{"start":{"line":3,"column":2},"end":{"line":5,"column":14}},"1":{"start":{"line":4,"column":15},"end":{"line":4,"column":52}},"2":{"start":{"line":1,"column":0},"end":{"line":1,"column":24}}},"fnMap":{"0":{"name":"randomString","decl":{"start":{"line":1,"column":24},"end":{"line":1,"column":36}},"loc":{"start":{"line":1,"column":51},"end":{"line":6,"column":1}}},"1":{"name":"(anonymous_1)","decl":{"start":{"line":4,"column":9},"end":{"line":4,"column":12}},"loc":{"start":{"line":4,"column":15},"end":{"line":4,"column":52}}}},"branchMap":{},"s":{"0":4,"1":88,"2":1},"f":{"0":4,"1":88},"b":{}}
}
