TN:
SF:src/app.ts
FN:20,(anonymous_1)
FN:29,(anonymous_2)
FN:35,(anonymous_3)
FN:55,(anonymous_4)
FN:77,(anonymous_5)
FN:92,(anonymous_6)
FNF:6
FNH:0
FNDA:0,(anonymous_1)
FNDA:0,(anonymous_2)
FNDA:0,(anonymous_3)
FNDA:0,(anonymous_4)
FNDA:0,(anonymous_5)
FNDA:0,(anonymous_6)
DA:1,0
DA:4,0
DA:5,0
DA:6,0
DA:7,0
DA:8,0
DA:9,0
DA:10,0
DA:11,0
DA:12,0
DA:13,0
DA:15,0
DA:17,0
DA:18,0
DA:20,0
DA:21,0
DA:29,0
DA:30,0
DA:33,0
DA:35,0
DA:36,0
DA:37,0
DA:38,0
DA:40,0
DA:55,0
DA:56,0
DA:57,0
DA:58,0
DA:60,0
DA:75,0
DA:77,0
DA:78,0
DA:79,0
DA:84,0
DA:92,0
DA:93,0
DA:95,0
DA:98,0
DA:100,0
DA:102,0
LF:40
LH:0
BRF:0
BRH:0
end_of_record
TN:
SF:src/authentication.ts
FN:50,decodeJwt
FN:64,getJwks
FN:67,(anonymous_2)
FN:75,isValidScopes
FN:78,(anonymous_4)
FN:83,isValidJwtSignature
FN:91,(anonymous_6)
FN:96,(anonymous_7)
FN:114,getUser
FN:145,authenticationHandler
FN:147,jwtMiddleware
FNF:11
FNH:0
FNDA:0,decodeJwt
FNDA:0,getJwks
FNDA:0,(anonymous_2)
FNDA:0,isValidScopes
FNDA:0,(anonymous_4)
FNDA:0,isValidJwtSignature
FNDA:0,(anonymous_6)
FNDA:0,(anonymous_7)
FNDA:0,getUser
FNDA:0,authenticationHandler
FNDA:0,jwtMiddleware
DA:51,0
DA:52,0
DA:53,0
DA:54,0
DA:56,0
DA:65,0
DA:66,0
DA:68,0
DA:72,0
DA:76,0
DA:78,0
DA:80,0
DA:88,0
DA:89,0
DA:90,0
DA:91,0
DA:94,0
DA:96,0
DA:98,0
DA:99,0
DA:100,0
DA:103,0
DA:111,0
DA:114,0
DA:120,0
DA:123,0
DA:124,0
DA:125,0
DA:126,0
DA:129,0
DA:130,0
DA:131,0
DA:134,0
DA:135,0
DA:138,0
DA:145,0
DA:146,0
DA:147,0
DA:151,0
DA:152,0
DA:153,0
DA:157,0
DA:158,0
DA:165,0
DA:166,0
DA:174,0
LF:46
LH:0
BRDA:66,0,0,0
BRDA:66,0,1,0
BRDA:98,1,0,0
BRDA:125,2,0,0
BRDA:129,3,0,0
BRDA:134,4,0,0
BRDA:152,5,0,0
BRDA:152,6,0,0
BRDA:152,6,1,0
BRDA:165,7,0,0
BRF:10
BRH:0
end_of_record
TN:
SF:src/constants.ts
FNF:0
FNH:0
DA:1,4
DA:2,4
DA:3,4
DA:4,4
DA:5,4
DA:7,4
DA:18,4
LF:7
LH:7
BRF:0
BRH:0
end_of_record
TN:
SF:src/errors.ts
FN:4,(anonymous_0)
FN:14,(anonymous_1)
FN:24,(anonymous_2)
FN:34,(anonymous_3)
FN:44,(anonymous_4)
FN:54,(anonymous_5)
FNF:6
FNH:4
FNDA:2,(anonymous_0)
FNDA:1,(anonymous_1)
FNDA:2,(anonymous_2)
FNDA:1,(anonymous_3)
FNDA:0,(anonymous_4)
FNDA:0,(anonymous_5)
DA:1,6
DA:2,2
DA:5,2
DA:7,2
DA:11,6
DA:12,1
DA:15,1
DA:17,1
DA:21,6
DA:22,2
DA:25,2
DA:27,2
DA:31,6
DA:32,1
DA:35,1
DA:37,1
DA:41,6
DA:42,0
DA:45,0
DA:47,0
DA:51,6
DA:52,0
DA:55,0
DA:57,0
LF:24
LH:18
BRDA:4,0,0,2
BRDA:14,1,0,1
BRDA:24,2,0,2
BRDA:34,3,0,1
BRDA:44,4,0,0
BRDA:54,5,0,0
BRF:6
BRH:4
end_of_record
TN:
SF:src/server.ts
FN:14,(anonymous_1)
FN:14,(anonymous_2)
FN:17,(anonymous_3)
FN:36,(anonymous_4)
FN:39,(anonymous_5)
FNF:5
FNH:0
FNDA:0,(anonymous_1)
FNDA:0,(anonymous_2)
FNDA:0,(anonymous_3)
FNDA:0,(anonymous_4)
FNDA:0,(anonymous_5)
DA:2,0
DA:3,0
DA:4,0
DA:5,0
DA:7,0
DA:8,0
DA:9,0
DA:10,0
DA:14,0
DA:16,0
DA:22,0
DA:37,0
DA:44,0
DA:45,0
DA:46,0
DA:48,0
DA:50,0
DA:51,0
DA:53,0
LF:19
LH:0
BRDA:48,0,0,0
BRDA:48,0,1,0
BRF:2
BRH:0
end_of_record
TN:
SF:src/authentication-flows/index.ts
FNF:0
FNH:0
DA:1,3
DA:2,3
DA:3,3
DA:4,3
LF:4
LH:4
BRF:0
BRH:0
end_of_record
TN:
SF:src/authentication-flows/silent.ts
FN:33,silentAuth
FNF:1
FNH:1
FNDA:2,silentAuth
DA:2,3
DA:5,3
DA:11,3
DA:12,3
DA:13,3
DA:33,3
DA:42,2
DA:43,2
DA:45,2
DA:46,1
DA:50,1
DA:52,1
DA:53,1
DA:57,1
DA:58,1
DA:60,1
DA:69,0
DA:77,0
DA:82,0
DA:85,0
DA:90,1
LF:21
LH:17
BRDA:45,0,0,1
BRDA:52,1,0,1
BRDA:58,2,0,1
BRDA:58,2,1,0
BRDA:58,2,2,0
BRDA:58,2,3,0
BRF:6
BRH:3
end_of_record
TN:
SF:src/authentication-flows/social.ts
FN:15,socialAuth
FN:21,(anonymous_1)
FN:57,socialAuthCallback
FN:65,(anonymous_3)
FNF:4
FNH:0
FNDA:0,socialAuth
FNDA:0,(anonymous_1)
FNDA:0,socialAuthCallback
FNDA:0,(anonymous_3)
DA:2,3
DA:3,3
DA:4,3
DA:6,3
DA:7,3
DA:8,3
DA:15,3
DA:21,0
DA:22,0
DA:23,0
DA:26,0
DA:31,0
DA:33,0
DA:34,0
DA:35,0
DA:37,0
DA:39,0
DA:43,0
DA:44,0
DA:45,0
DA:46,0
DA:47,0
DA:57,3
DA:63,0
DA:64,0
DA:65,0
DA:69,0
DA:70,0
DA:73,0
DA:79,0
DA:81,0
DA:83,0
DA:84,0
DA:86,0
DA:92,0
DA:94,0
DA:95,0
DA:99,0
DA:101,0
DA:103,0
DA:104,0
DA:105,0
DA:111,0
DA:112,0
DA:113,0
DA:115,0
DA:118,0
DA:121,0
DA:122,0
DA:123,0
DA:125,0
LF:51
LH:8
BRDA:22,0,0,0
BRDA:34,1,0,0
BRDA:69,2,0,0
BRDA:69,3,0,0
BRDA:69,3,1,0
BRDA:76,4,0,0
BRDA:76,4,1,0
BRDA:94,5,0,0
BRDA:101,6,0,0
BRDA:101,6,1,0
BRDA:112,7,0,0
BRF:11
BRH:0
end_of_record
TN:
SF:src/authentication-flows/ticket.ts
FN:16,ticketAuth
FNF:1
FNH:1
FNDA:1,ticketAuth
DA:4,3
DA:5,3
DA:6,3
DA:7,3
DA:16,3
DA:23,1
DA:27,1
DA:28,1
DA:29,0
DA:32,1
DA:35,1
DA:37,1
DA:44,1
DA:46,1
DA:48,1
DA:50,1
DA:51,1
DA:52,1
DA:54,1
DA:55,1
DA:56,1
DA:57,1
DA:58,1
DA:61,1
DA:63,1
DA:64,1
DA:65,1
LF:27
LH:26
BRDA:28,0,0,0
BRDA:51,1,0,1
BRDA:57,2,0,1
BRF:3
BRH:2
end_of_record
TN:
SF:src/authentication-flows/universal.ts
FN:11,universalAuth
FNF:1
FNH:1
FNDA:1,universalAuth
DA:3,3
DA:4,3
DA:11,3
DA:15,1
DA:17,1
DA:18,1
DA:20,1
DA:21,1
DA:22,1
LF:9
LH:9
BRF:0
BRH:0
end_of_record
TN:
SF:src/authorization-grants/authorizationCodeGrant.ts
FN:15,authorizationCodeGrant
FNF:1
FNH:0
FNDA:0,authorizationCodeGrant
DA:2,0
DA:3,0
DA:11,0
DA:12,0
DA:15,0
DA:22,0
DA:26,0
DA:27,0
DA:28,0
DA:31,0
DA:33,0
DA:35,0
LF:12
LH:0
BRDA:27,0,0,0
BRF:1
BRH:0
end_of_record
TN:
SF:src/authorization-grants/index.ts
FNF:0
FNH:0
DA:1,0
DA:2,0
DA:3,0
LF:3
LH:0
BRF:0
BRH:0
end_of_record
TN:
SF:src/authorization-grants/passwordGrant.ts
FN:6,passwordGrant
FNF:1
FNH:0
FNDA:0,passwordGrant
DA:4,0
DA:6,0
DA:10,0
DA:12,0
DA:14,0
DA:15,0
DA:19,0
DA:20,0
DA:25,0
DA:31,0
DA:32,0
DA:35,0
LF:12
LH:0
BRDA:14,0,0,0
BRDA:26,1,0,0
BRDA:26,1,1,0
BRDA:31,2,0,0
BRF:4
BRH:0
end_of_record
TN:
SF:src/handlers/update-user.ts
FN:5,updateUser
FNF:1
FNH:0
FNDA:0,updateUser
DA:1,0
DA:2,0
DA:5,0
DA:6,0
DA:7,0
DA:8,0
DA:10,0
DA:11,0
DA:12,0
DA:15,0
DA:16,0
DA:23,0
DA:26,0
DA:27,0
DA:28,0
DA:44,0
DA:45,0
LF:17
LH:0
BRDA:10,0,0,0
BRDA:10,1,0,0
BRDA:10,1,1,0
BRDA:26,2,0,0
BRDA:26,2,1,0
BRDA:33,3,0,0
BRDA:33,3,1,0
BRDA:34,4,0,0
BRDA:34,4,1,0
BRDA:35,5,0,0
BRDA:35,5,1,0
BRDA:36,6,0,0
BRDA:36,6,1,0
BRDA:37,7,0,0
BRDA:37,7,1,0
BRF:15
BRH:0
end_of_record
TN:
SF:src/helpers/generate-auth-response.ts
FN:15,generateAuthResponse
FNF:1
FNH:1
FNDA:1,generateAuthResponse
DA:2,3
DA:5,3
DA:15,3
DA:22,1
DA:23,1
DA:28,1
DA:29,1
DA:31,1
DA:37,1
DA:48,1
DA:49,0
DA:52,1
DA:61,1
LF:13
LH:12
BRDA:32,0,0,1
BRDA:32,0,1,0
BRDA:45,1,0,1
BRDA:45,1,1,1
BRDA:48,2,0,0
BRDA:48,3,0,1
BRDA:48,3,1,1
BRF:7
BRH:5
end_of_record
TN:
SF:src/helpers/silent-auth-cookie.ts
FN:8,setSilentAuthCookies
FN:26,(anonymous_1)
FNF:2
FNH:2
FNDA:1,setSilentAuthCookies
FNDA:1,(anonymous_1)
DA:2,3
DA:4,3
DA:6,3
DA:8,3
DA:14,1
DA:19,1
DA:20,1
DA:21,1
DA:26,1
DA:27,1
LF:10
LH:10
BRF:0
BRH:0
end_of_record
TN:
SF:src/middlewares/cors.ts
FN:4,corsMiddleware
FNF:1
FNH:0
FNDA:0,corsMiddleware
DA:2,0
DA:4,0
DA:8,0
DA:10,0
DA:13,0
DA:14,0
DA:17,0
DA:18,0
DA:23,0
LF:9
LH:0
BRDA:13,0,0,0
BRF:1
BRH:0
end_of_record
TN:
SF:src/middlewares/errorHandler.ts
FN:3,errorHandler
FNF:1
FNH:0
FNDA:0,errorHandler
DA:3,0
DA:4,0
DA:5,0
DA:7,0
LF:4
LH:0
BRDA:7,0,0,0
BRDA:7,0,1,0
BRDA:8,1,0,0
BRDA:8,1,1,0
BRF:4
BRH:0
end_of_record
TN:
SF:src/migrate/ReferenceMigrationProvider.ts
FN:6,(anonymous_0)
FN:10,(anonymous_1)
FNF:2
FNH:0
FNDA:0,(anonymous_0)
FNDA:0,(anonymous_1)
DA:3,0
DA:7,0
DA:11,0
LF:3
LH:0
BRF:0
BRH:0
end_of_record
TN:
SF:src/migrate/index.ts
FN:8,migrateToLatest
FN:21,(anonymous_2)
FN:38,migrateDown
FN:51,(anonymous_4)
FNF:4
FNH:0
FNDA:0,migrateToLatest
FNDA:0,(anonymous_2)
FNDA:0,migrateDown
FNDA:0,(anonymous_4)
DA:1,0
DA:2,0
DA:5,0
DA:6,0
DA:8,0
DA:9,0
DA:10,0
DA:14,0
DA:19,0
DA:21,0
DA:22,0
DA:23,0
DA:24,0
DA:25,0
DA:29,0
DA:30,0
DA:31,0
DA:32,0
DA:35,0
DA:38,0
DA:39,0
DA:40,0
DA:44,0
DA:49,0
DA:51,0
DA:52,0
DA:53,0
DA:54,0
DA:55,0
DA:59,0
DA:60,0
DA:61,0
DA:62,0
DA:65,0
LF:34
LH:0
BRDA:22,0,0,0
BRDA:22,0,1,0
BRDA:24,1,0,0
BRDA:29,2,0,0
BRDA:52,3,0,0
BRDA:52,3,1,0
BRDA:54,4,0,0
BRDA:59,5,0,0
BRF:8
BRH:0
end_of_record
TN:
SF:src/migrate/migrations/2022-12-11T09:17:35_init.ts
FN:3,up
FN:6,(anonymous_1)
FN:7,(anonymous_2)
FN:8,(anonymous_3)
FN:22,(anonymous_4)
FN:25,(anonymous_5)
FN:35,(anonymous_6)
FN:47,(anonymous_7)
FN:48,(anonymous_8)
FN:51,(anonymous_9)
FN:63,(anonymous_10)
FN:64,(anonymous_11)
FN:67,(anonymous_12)
FN:80,down
FNF:14
FNH:0
FNDA:0,up
FNDA:0,(anonymous_1)
FNDA:0,(anonymous_2)
FNDA:0,(anonymous_3)
FNDA:0,(anonymous_4)
FNDA:0,(anonymous_5)
FNDA:0,(anonymous_6)
FNDA:0,(anonymous_7)
FNDA:0,(anonymous_8)
FNDA:0,(anonymous_9)
FNDA:0,(anonymous_10)
FNDA:0,(anonymous_11)
FNDA:0,(anonymous_12)
FNDA:0,down
DA:3,0
DA:4,0
DA:6,0
DA:7,0
DA:8,0
DA:20,0
DA:23,0
DA:26,0
DA:33,0
DA:35,0
DA:45,0
DA:47,0
DA:49,0
DA:51,0
DA:61,0
DA:63,0
DA:65,0
DA:67,0
DA:80,0
DA:81,0
DA:82,0
DA:83,0
DA:84,0
DA:85,0
LF:24
LH:0
BRF:0
BRH:0
end_of_record
TN:
SF:src/migrate/migrations/index.ts
FNF:0
FNH:0
DA:1,0
DA:3,0
LF:2
LH:0
BRF:0
BRH:0
end_of_record
TN:
SF:src/models/Certificate.ts
FN:11,getCertificate
FN:20,(anonymous_1)
FNF:2
FNH:2
FNDA:1,getCertificate
FNDA:1,(anonymous_1)
DA:2,3
DA:11,3
DA:12,1
DA:13,1
DA:14,0
DA:17,1
DA:21,1
DA:25,1
LF:8
LH:7
BRDA:13,0,0,0
BRF:1
BRH:0
end_of_record
TN:
SF:src/models/State.ts
FN:19,(anonymous_0)
FN:23,(anonymous_1)
FN:30,stateAlarm
FNF:3
FNH:0
FNDA:0,(anonymous_0)
FNDA:0,(anonymous_1)
FNDA:0,stateAlarm
DA:1,3
DA:2,3
DA:3,3
DA:5,3
DA:7,3
DA:9,3
DA:11,3
DA:20,0
DA:21,0
DA:24,0
DA:26,0
DA:30,3
DA:31,0
DA:32,0
DA:37,3
LF:15
LH:9
BRF:0
BRH:0
end_of_record
TN:
SF:src/models/User.ts
FN:35,(anonymous_1)
FN:66,getProfile
FN:78,updateUser
FN:100,(anonymous_4)
FN:103,(anonymous_5)
FN:110,(anonymous_6)
FN:111,(anonymous_7)
FN:117,(anonymous_8)
FN:117,(anonymous_9)
FN:139,(anonymous_10)
FN:155,(anonymous_11)
FN:170,(anonymous_12)
FN:183,(anonymous_13)
FN:191,(anonymous_14)
FN:196,(anonymous_15)
FN:212,(anonymous_16)
FN:217,(anonymous_17)
FN:247,(anonymous_18)
FN:262,(anonymous_19)
FN:300,(anonymous_20)
FN:325,(anonymous_21)
FN:345,(anonymous_22)
FN:362,getId
FNF:23
FNH:12
FNDA:4,(anonymous_1)
FNDA:4,getProfile
FNDA:4,updateUser
FNDA:3,(anonymous_4)
FNDA:2,(anonymous_5)
FNDA:21,(anonymous_6)
FNDA:17,(anonymous_7)
FNDA:28,(anonymous_8)
FNDA:6,(anonymous_9)
FNDA:0,(anonymous_10)
FNDA:0,(anonymous_11)
FNDA:0,(anonymous_12)
FNDA:0,(anonymous_13)
FNDA:0,(anonymous_14)
FNDA:0,(anonymous_15)
FNDA:0,(anonymous_16)
FNDA:0,(anonymous_17)
FNDA:3,(anonymous_18)
FNDA:4,(anonymous_19)
FNDA:0,(anonymous_20)
FNDA:0,(anonymous_21)
FNDA:2,(anonymous_22)
FNDA:0,getId
DA:1,4
DA:2,4
DA:3,4
DA:4,4
DA:7,4
DA:8,4
DA:17,4
DA:19,4
DA:29,4
DA:31,4
DA:33,4
DA:35,4
DA:36,4
DA:37,4
DA:38,4
DA:39,4
DA:40,4
DA:41,4
DA:42,4
DA:45,4
DA:56,4
DA:69,4
DA:70,4
DA:71,3
DA:74,1
DA:83,4
DA:85,4
DA:86,3
DA:95,4
DA:100,4
DA:102,3
DA:103,2
DA:106,3
DA:109,3
DA:110,21
DA:112,17
DA:117,28
DA:118,6
DA:121,4
DA:123,4
DA:129,4
DA:132,4
DA:140,0
DA:146,0
DA:151,0
DA:156,0
DA:161,0
DA:166,0
DA:171,0
DA:176,0
DA:181,0
DA:184,0
DA:185,0
DA:186,0
DA:189,0
DA:192,0
DA:197,0
DA:201,0
DA:202,0
DA:205,0
DA:213,0
DA:218,0
DA:248,3
DA:254,3
DA:263,4
DA:267,4
DA:268,1
DA:271,3
DA:273,3
DA:274,1
DA:277,2
DA:278,1
DA:281,1
DA:294,1
DA:296,1
DA:301,0
DA:305,0
DA:306,0
DA:309,0
DA:310,0
DA:313,0
DA:314,0
DA:318,0
DA:321,0
DA:326,0
DA:330,0
DA:331,0
DA:334,0
DA:336,0
DA:346,2
DA:350,2
DA:351,0
DA:354,2
DA:355,1
DA:362,4
DA:363,0
DA:366,4
LF:97
LH:61
BRDA:35,0,0,4
BRDA:35,0,1,4
BRDA:70,1,0,3
BRDA:85,2,0,3
BRDA:85,3,0,4
BRDA:85,3,1,1
BRDA:126,4,0,4
BRDA:126,4,1,0
BRDA:185,5,0,0
BRDA:201,6,0,0
BRDA:267,7,0,1
BRDA:273,8,0,1
BRDA:277,9,0,1
BRDA:277,10,0,2
BRDA:277,10,1,2
BRDA:305,11,0,0
BRDA:309,12,0,0
BRDA:313,13,0,0
BRDA:313,14,0,0
BRDA:313,14,1,0
BRDA:330,15,0,0
BRDA:337,16,0,0
BRDA:337,16,1,0
BRDA:337,16,2,0
BRDA:337,16,3,0
BRDA:350,17,0,0
BRDA:354,18,0,1
BRF:27
BRH:13
end_of_record
TN:
SF:src/models/index.ts
FNF:0
FNH:0
DA:1,3
DA:2,3
DA:3,3
LF:3
LH:3
BRF:0
BRH:0
end_of_record
TN:
SF:src/routes/login.ts
FN:5,serve
FNF:1
FNH:0
FNDA:0,serve
DA:2,0
DA:5,0
DA:6,0
DA:8,0
DA:10,0
DA:11,0
DA:19,0
LF:7
LH:0
BRDA:10,0,0,0
BRDA:21,1,0,0
BRDA:21,1,1,0
BRF:3
BRH:0
end_of_record
TN:
SF:src/routes/rotate-keys.ts
FN:6,rotateKeys
FN:16,(anonymous_1)
FNF:2
FNH:0
FNDA:0,rotateKeys
FNDA:0,(anonymous_1)
DA:1,0
DA:4,0
DA:6,0
DA:7,0
DA:8,0
DA:12,0
DA:13,0
DA:15,0
DA:17,0
DA:20,0
LF:10
LH:0
BRDA:8,0,0,0
BRDA:8,0,1,0
BRF:2
BRH:0
end_of_record
TN:
SF:src/routes/swagger-ui.ts
FN:4,getSwaggerHtml
FN:69,swaggerUi
FNF:2
FNH:0
FNDA:0,getSwaggerHtml
FNDA:0,swaggerUi
DA:5,0
DA:69,0
DA:70,0
LF:3
LH:0
BRF:0
BRH:0
end_of_record
TN:
SF:src/routes/tsoa/applications.ts
FN:21,updateClientInKV
FN:78,(anonymous_4)
FN:93,(anonymous_5)
FN:124,(anonymous_6)
FNF:4
FNH:0
FNDA:0,updateClientInKV
FNDA:0,(anonymous_4)
FNDA:0,(anonymous_5)
FNDA:0,(anonymous_6)
DA:1,0
DA:13,0
DA:16,0
DA:22,0
DA:23,0
DA:41,0
DA:43,0
DA:44,0
DA:47,0
DA:54,0
DA:69,0
DA:71,0
DA:76,0
DA:78,0
DA:82,0
DA:83,0
DA:89,0
DA:93,0
DA:102,0
DA:104,0
DA:105,0
DA:111,0
DA:117,0
DA:119,0
DA:124,0
DA:130,0
DA:132,0
DA:133,0
DA:141,0
DA:143,0
DA:145,0
DA:146,0
LF:32
LH:0
BRDA:43,0,0,0
BRDA:63,1,0,0
BRDA:63,1,1,0
BRDA:64,2,0,0
BRDA:64,2,1,0
BRDA:65,3,0,0
BRDA:65,3,1,0
BRF:7
BRH:0
end_of_record
TN:
SF:src/routes/tsoa/auth-providers.ts
FN:23,(anonymous_3)
FN:32,(anonymous_4)
FN:42,(anonymous_5)
FN:61,(anonymous_6)
FNF:4
FNH:0
FNDA:0,(anonymous_3)
FNDA:0,(anonymous_4)
FNDA:0,(anonymous_5)
FNDA:0,(anonymous_6)
DA:1,0
DA:13,0
DA:15,0
DA:21,0
DA:23,0
DA:26,0
DA:27,0
DA:32,0
DA:33,0
DA:42,0
DA:46,0
DA:47,0
DA:54,0
DA:56,0
DA:57,0
DA:61,0
DA:66,0
DA:67,0
DA:72,0
DA:78,0
DA:79,0
LF:21
LH:0
BRF:0
BRH:0
end_of_record
TN:
SF:src/routes/tsoa/authenticate.ts
FN:51,(anonymous_4)
FNF:1
FNH:1
FNDA:4,(anonymous_4)
DA:2,1
DA:5,1
DA:6,1
DA:7,1
DA:8,1
DA:9,1
DA:43,1
DA:51,1
DA:55,4
DA:57,4
DA:58,4
DA:59,0
DA:62,4
DA:64,4
DA:68,4
DA:69,4
DA:71,2
DA:72,1
DA:74,2
DA:75,1
DA:77,0
DA:80,2
DA:81,2
DA:83,2
DA:91,2
DA:92,2
DA:93,2
DA:97,2
DA:98,2
DA:104,2
DA:105,2
DA:107,2
DA:108,0
DA:115,2
DA:116,1
DA:122,1
DA:123,1
DA:129,0
LF:38
LH:34
BRDA:58,0,0,0
BRDA:69,1,0,2
BRDA:69,1,1,2
BRDA:69,1,2,0
BRDA:107,2,0,0
BRDA:115,3,0,1
BRDA:122,4,0,1
BRF:7
BRH:4
end_of_record
TN:
SF:src/routes/tsoa/authorize.ts
FN:34,(anonymous_3)
FN:94,(anonymous_4)
FN:116,(anonymous_5)
FN:132,(anonymous_6)
FN:141,(anonymous_7)
FNF:5
FNH:0
FNDA:0,(anonymous_3)
FNDA:0,(anonymous_4)
FNDA:0,(anonymous_5)
FNDA:0,(anonymous_6)
FNDA:0,(anonymous_7)
DA:1,0
DA:15,0
DA:17,0
DA:18,0
DA:19,0
DA:27,0
DA:31,0
DA:34,0
DA:50,0
DA:51,0
DA:53,0
DA:54,0
DA:65,0
DA:66,0
DA:80,0
DA:81,0
DA:82,0
DA:83,0
DA:86,0
DA:94,0
DA:103,0
DA:105,0
DA:106,0
DA:116,0
DA:121,0
DA:122,0
DA:123,0
DA:126,0
DA:127,0
DA:128,0
DA:131,0
DA:133,0
DA:134,0
DA:137,0
DA:140,0
DA:141,0
DA:142,0
DA:144,0
DA:146,0
LF:39
LH:0
BRDA:39,0,0,0
BRDA:65,1,0,0
BRDA:80,2,0,0
BRDA:80,2,1,0
BRDA:82,3,0,0
BRDA:122,4,0,0
BRDA:126,5,0,0
BRDA:126,5,1,0
BRDA:127,6,0,0
BRDA:131,7,0,0
BRF:10
BRH:0
end_of_record
TN:
SF:src/routes/tsoa/dbconnection.ts
FN:48,(anonymous_3)
FN:68,(anonymous_4)
FN:103,(anonymous_5)
FNF:3
FNH:0
FNDA:0,(anonymous_3)
FNDA:0,(anonymous_4)
FNDA:0,(anonymous_5)
DA:2,0
DA:12,0
DA:15,0
DA:46,0
DA:48,0
DA:53,0
DA:55,0
DA:57,0
DA:62,0
DA:64,0
DA:68,0
DA:73,0
DA:75,0
DA:76,0
DA:78,0
DA:79,0
DA:80,0
DA:83,0
DA:84,0
DA:99,0
DA:103,0
DA:108,0
DA:110,0
DA:114,0
DA:116,0
LF:25
LH:0
BRDA:79,0,0,0
BRF:1
BRH:0
end_of_record
TN:
SF:src/routes/tsoa/jwks.ts
FN:40,(anonymous_3)
FN:47,(anonymous_4)
FN:67,(anonymous_5)
FNF:3
FNH:0
FNDA:0,(anonymous_3)
FNDA:0,(anonymous_4)
FNDA:0,(anonymous_5)
DA:2,0
DA:3,0
DA:35,0
DA:40,0
DA:43,0
DA:45,0
DA:46,0
DA:48,0
DA:52,0
DA:53,0
DA:54,0
DA:55,0
DA:60,0
DA:67,0
DA:70,0
DA:72,0
LF:16
LH:0
BRDA:46,0,0,0
BRDA:46,0,1,0
BRF:2
BRH:0
end_of_record
TN:
SF:src/routes/tsoa/login.ts
FN:49,(anonymous_3)
FN:64,(anonymous_4)
FN:78,(anonymous_5)
FN:120,(anonymous_6)
FN:138,(anonymous_7)
FN:193,(anonymous_8)
FN:211,(anonymous_9)
FN:240,(anonymous_10)
FN:275,(anonymous_11)
FNF:9
FNH:0
FNDA:0,(anonymous_3)
FNDA:0,(anonymous_4)
FNDA:0,(anonymous_5)
FNDA:0,(anonymous_6)
FNDA:0,(anonymous_7)
FNDA:0,(anonymous_8)
FNDA:0,(anonymous_9)
FNDA:0,(anonymous_10)
FNDA:0,(anonymous_11)
DA:1,0
DA:13,0
DA:15,0
DA:16,0
DA:17,0
DA:43,0
DA:49,0
DA:53,0
DA:54,0
DA:56,0
DA:64,0
DA:68,0
DA:69,0
DA:71,0
DA:78,0
DA:83,0
DA:84,0
DA:86,0
DA:87,0
DA:91,0
DA:92,0
DA:94,0
DA:101,0
DA:109,0
DA:120,0
DA:124,0
DA:125,0
DA:127,0
DA:138,0
DA:143,0
DA:145,0
DA:146,0
DA:148,0
DA:149,0
DA:150,0
DA:153,0
DA:156,0
DA:158,0
DA:166,0
DA:167,0
DA:182,0
DA:193,0
DA:197,0
DA:198,0
DA:200,0
DA:211,0
DA:216,0
DA:217,0
DA:219,0
DA:223,0
DA:226,0
DA:233,0
DA:240,0
DA:245,0
DA:246,0
DA:248,0
DA:250,0
DA:254,0
DA:255,0
DA:257,0
DA:262,0
DA:275,0
DA:280,0
DA:282,0
DA:285,0
DA:286,0
DA:287,0
DA:291,0
DA:293,0
DA:294,0
DA:296,0
LF:71
LH:0
BRDA:149,0,0,0
BRDA:223,1,0,0
BRDA:286,2,0,0
BRF:3
BRH:0
end_of_record
TN:
SF:src/routes/tsoa/passwordless.ts
FN:31,(anonymous_3)
FNF:1
FNH:1
FNDA:1,(anonymous_3)
DA:2,1
DA:4,1
DA:29,1
DA:31,1
DA:35,1
DA:37,1
DA:38,1
DA:39,0
DA:42,1
DA:43,1
DA:50,1
DA:51,1
DA:66,1
LF:13
LH:12
BRDA:38,0,0,0
BRF:1
BRH:0
end_of_record
TN:
SF:src/routes/tsoa/state.ts
FN:18,(anonymous_3)
FN:36,(anonymous_4)
FNF:2
FNH:0
FNDA:0,(anonymous_3)
FNDA:0,(anonymous_4)
DA:1,0
DA:12,0
DA:16,0
DA:18,0
DA:22,0
DA:25,0
DA:27,0
DA:28,0
DA:31,0
DA:32,0
DA:36,0
DA:40,0
DA:41,0
DA:44,0
DA:48,0
LF:15
LH:0
BRDA:27,0,0,0
BRF:1
BRH:0
end_of_record
TN:
SF:src/routes/tsoa/tenants.ts
FN:20,(anonymous_3)
FN:31,(anonymous_4)
FNF:2
FNH:0
FNDA:0,(anonymous_3)
FNDA:0,(anonymous_4)
DA:1,0
DA:12,0
DA:14,0
DA:18,0
DA:20,0
DA:23,0
DA:24,0
DA:26,0
DA:31,0
DA:35,0
DA:36,0
DA:43,0
DA:45,0
DA:46,0
LF:14
LH:0
BRF:0
BRH:0
end_of_record
TN:
SF:src/routes/tsoa/token.ts
FN:26,(anonymous_3)
FNF:1
FNH:0
FNDA:0,(anonymous_3)
DA:1,0
DA:2,0
DA:12,0
DA:17,0
DA:21,0
DA:26,0
DA:30,0
DA:32,0
DA:34,0
DA:36,0
DA:38,0
DA:39,0
DA:41,0
DA:43,0
DA:44,0
DA:46,0
DA:47,0
DA:50,0
DA:51,0
DA:52,0
DA:53,0
DA:56,0
DA:57,0
LF:23
LH:0
BRDA:34,0,0,0
BRDA:34,0,1,0
BRDA:34,0,2,0
BRDA:34,0,3,0
BRDA:34,0,4,0
BRDA:50,1,0,0
BRF:6
BRH:0
end_of_record
TN:
SF:src/routes/tsoa/userinfo.ts
FN:9,(anonymous_3)
FNF:1
FNH:0
FNDA:0,(anonymous_3)
DA:1,0
DA:6,0
DA:9,0
DA:12,0
DA:14,0
LF:5
LH:0
BRF:0
BRH:0
end_of_record
TN:
SF:src/routes/tsoa/users.ts
FN:22,(anonymous_3)
FN:37,(anonymous_4)
FN:69,(anonymous_5)
FNF:3
FNH:0
FNDA:0,(anonymous_3)
FNDA:0,(anonymous_4)
FNDA:0,(anonymous_5)
DA:1,0
DA:14,0
DA:16,0
DA:20,0
DA:22,0
DA:26,0
DA:27,0
DA:33,0
DA:37,0
DA:43,0
DA:46,0
DA:47,0
DA:53,0
DA:54,0
DA:57,0
DA:58,0
DA:60,0
DA:61,0
DA:64,0
DA:69,0
DA:76,0
DA:78,0
DA:79,0
DA:81,0
DA:87,0
LF:25
LH:0
BRDA:53,0,0,0
BRDA:60,1,0,0
BRDA:83,2,0,0
BRDA:83,2,1,0
BRF:4
BRH:0
end_of_record
TN:
SF:src/services/clients.ts
FN:4,getClient
FNF:1
FNH:1
FNDA:5,getClient
DA:4,5
DA:5,5
DA:7,5
DA:8,0
DA:10,5
LF:5
LH:4
BRDA:7,0,0,0
BRF:1
BRH:0
end_of_record
TN:
SF:src/services/cookies.ts
FN:5,getStateFromCookie
FN:21,serializeClearCookie
FN:38,serializeStateInCookie
FNF:3
FNH:2
FNDA:2,getStateFromCookie
FNDA:0,serializeClearCookie
FNDA:1,serializeStateInCookie
DA:1,3
DA:3,3
DA:5,3
DA:8,2
DA:9,1
DA:12,1
DA:13,1
DA:14,1
DA:15,0
DA:18,1
DA:21,3
DA:22,0
DA:29,0
DA:38,3
DA:39,1
DA:46,1
LF:16
LH:13
BRDA:8,0,0,1
BRDA:13,1,0,1
BRDA:13,1,1,0
BRDA:14,2,0,0
BRF:4
BRH:2
end_of_record
TN:
SF:src/services/db.ts
FN:8,getDb
FNF:1
FNH:0
FNDA:0,getDb
DA:1,0
DA:2,0
DA:8,0
DA:9,0
DA:10,0
DA:16,0
LF:6
LH:0
BRDA:9,0,0,0
BRF:1
BRH:0
end_of_record
TN:
SF:src/services/email.ts
FN:20,send
FNF:1
FNH:0
FNDA:0,send
DA:20,0
DA:21,0
LF:2
LH:0
BRF:0
BRH:0
end_of_record
TN:
SF:src/services/events.ts
FN:3,(anonymous_0)
FN:18,sendUserEvent
FNF:2
FNH:2
FNDA:4,(anonymous_0)
FNDA:4,sendUserEvent
DA:3,4
DA:4,4
DA:5,4
DA:6,4
DA:7,4
DA:18,4
DA:23,4
DA:25,4
DA:32,4
LF:9
LH:9
BRDA:3,0,0,4
BRDA:3,0,1,4
BRF:2
BRH:2
end_of_record
TN:
SF:src/services/oauth2-client.ts
FN:24,oAuth2ClientFactory
FN:43,(anonymous_1)
FN:53,(anonymous_2)
FN:65,(anonymous_3)
FN:91,(anonymous_4)
FNF:5
FNH:3
FNDA:0,oAuth2ClientFactory
FNDA:3,(anonymous_1)
FNDA:1,(anonymous_2)
FNDA:2,(anonymous_3)
FNDA:0,(anonymous_4)
DA:24,1
DA:29,0
DA:38,1
DA:48,3
DA:49,3
DA:50,3
DA:54,1
DA:62,1
DA:66,2
DA:74,2
DA:82,2
DA:83,1
DA:88,1
DA:94,0
DA:95,0
DA:98,0
DA:104,0
DA:105,0
DA:108,0
LF:19
LH:12
BRDA:46,0,0,0
BRDA:82,1,0,1
BRDA:94,2,0,0
BRDA:104,3,0,0
BRF:4
BRH:1
end_of_record
TN:
SF:src/services/rsa-key.ts
FN:10,create
FN:41,arrayBufferToBase64String
FN:50,convertBinaryToPem
FN:67,toPrivatePEM
FN:76,toJWKS
FNF:5
FNH:0
FNDA:0,create
FNDA:0,arrayBufferToBase64String
FNDA:0,convertBinaryToPem
FNDA:0,toPrivatePEM
FNDA:0,toJWKS
DA:1,0
DA:10,0
DA:11,0
DA:22,0
DA:24,0
DA:25,0
DA:27,0
DA:42,0
DA:43,0
DA:44,0
DA:45,0
DA:47,0
DA:51,0
DA:52,0
DA:53,0
DA:55,0
DA:56,0
DA:57,0
DA:59,0
DA:61,0
DA:63,0
DA:64,0
DA:67,0
DA:71,0
DA:73,0
DA:76,0
DA:77,0
LF:27
LH:0
BRDA:56,0,0,0
BRDA:56,0,1,0
BRF:2
BRH:0
end_of_record
TN:
SF:src/services/token-factory.ts
FN:58,createTokenFactory
FN:64,(anonymous_1)
FN:69,(anonymous_2)
FN:86,(anonymous_3)
FN:106,(anonymous_4)
FNF:5
FNH:0
FNDA:0,createTokenFactory
FNDA:0,(anonymous_1)
FNDA:0,(anonymous_2)
FNDA:0,(anonymous_3)
FNDA:0,(anonymous_4)
DA:1,0
DA:58,0
DA:59,0
DA:65,0
DA:66,0
DA:70,0
DA:72,0
DA:95,0
DA:103,0
DA:116,0
DA:134,0
LF:11
LH:0
BRF:0
BRH:0
end_of_record
TN:
SF:src/templates/render.ts
FN:8,getTemplate
FN:20,renderAuthIframe
FN:33,renderForgotPassword
FN:64,renderLogin
FN:94,renderSignup
FN:118,renderMessage
FN:145,renderResetPassword
FNF:7
FNH:2
FNDA:2,getTemplate
FNDA:2,renderAuthIframe
FNDA:0,renderForgotPassword
FNDA:0,renderLogin
FNDA:0,renderSignup
FNDA:0,renderMessage
FNDA:0,renderResetPassword
DA:2,3
DA:3,3
DA:6,3
DA:9,2
DA:11,2
DA:12,0
DA:15,2
DA:17,2
DA:20,3
DA:25,2
DA:27,2
DA:28,2
DA:30,2
DA:33,3
DA:42,0
DA:44,0
DA:46,0
DA:47,0
DA:49,0
DA:50,0
DA:51,0
DA:64,3
DA:69,0
DA:71,0
DA:73,0
DA:74,0
DA:76,0
DA:77,0
DA:81,0
DA:94,3
DA:99,0
DA:101,0
DA:103,0
DA:104,0
DA:106,0
DA:107,0
DA:118,3
DA:123,0
DA:125,0
DA:127,0
DA:128,0
DA:130,0
DA:131,0
DA:145,3
DA:150,0
DA:152,0
DA:154,0
DA:155,0
DA:157,0
DA:158,0
LF:50
LH:17
BRDA:11,0,0,0
BRF:1
BRH:0
end_of_record
TN:
SF:src/templates/static/login.js
FN:7,(anonymous_0)
FN:30,(anonymous_1)
FN:41,validatePasswordStrength
FN:47,showErrorMessage
FN:54,createAccount
FN:58,(anonymous_5)
FNF:6
FNH:0
FNDA:0,(anonymous_0)
FNDA:0,(anonymous_1)
FNDA:0,validatePasswordStrength
FNDA:0,showErrorMessage
FNDA:0,createAccount
FNDA:0,(anonymous_5)
DA:2,0
DA:3,0
DA:4,0
DA:7,0
DA:9,0
DA:12,0
DA:13,0
DA:14,0
DA:18,0
DA:19,0
DA:20,0
DA:24,0
DA:31,0
DA:32,0
DA:34,0
DA:42,0
DA:43,0
DA:48,0
DA:49,0
DA:50,0
DA:55,0
DA:56,0
DA:57,0
DA:58,0
DA:59,0
DA:60,0
DA:62,0
DA:65,0
LF:28
LH:0
BRDA:12,0,0,0
BRDA:18,1,0,0
BRDA:31,2,0,0
BRDA:31,2,1,0
BRDA:59,3,0,0
BRDA:59,3,1,0
BRF:6
BRH:0
end_of_record
TN:
SF:src/types/AuthParams.ts
FN:1,(anonymous_0)
FN:7,(anonymous_1)
FN:11,(anonymous_2)
FNF:3
FNH:3
FNDA:4,(anonymous_0)
FNDA:4,(anonymous_1)
FNDA:4,(anonymous_2)
DA:1,4
DA:2,4
DA:3,4
DA:4,4
DA:7,4
DA:8,4
DA:11,4
DA:12,4
DA:13,4
LF:9
LH:9
BRDA:1,0,0,4
BRDA:1,0,1,4
BRDA:7,1,0,4
BRDA:7,1,1,4
BRDA:11,2,0,4
BRDA:11,2,1,4
BRF:6
BRH:6
end_of_record
TN:
SF:src/types/Token.ts
FN:1,(anonymous_0)
FNF:1
FNH:1
FNDA:4,(anonymous_0)
DA:1,4
DA:2,4
DA:3,4
DA:4,4
DA:5,4
DA:6,4
LF:6
LH:6
BRDA:1,0,0,4
BRDA:1,0,1,4
BRF:2
BRH:2
end_of_record
TN:
SF:src/types/index.ts
FNF:0
FNH:0
DA:1,4
DA:2,4
DA:3,4
DA:4,4
DA:5,4
DA:6,4
LF:6
LH:6
BRF:0
BRH:0
end_of_record
TN:
SF:src/types/sql/index.ts
FNF:0
FNH:0
DA:1,0
DA:2,0
DA:3,0
DA:4,0
DA:5,0
LF:5
LH:0
BRF:0
BRH:0
end_of_record
TN:
SF:src/utils/base64.ts
FN:1,encode
FN:5,decode
FN:9,hexToBase64
FN:19,base64ToHex
FNF:4
FNH:4
FNDA:4,encode
FNDA:4,decode
FNDA:3,hexToBase64
FNDA:4,base64ToHex
DA:1,4
DA:2,4
DA:5,4
DA:6,4
DA:9,4
DA:10,3
DA:11,3
DA:12,9
DA:16,3
DA:19,4
DA:20,4
DA:21,4
DA:22,4
DA:23,24
DA:24,24
DA:26,4
LF:16
LH:16
BRDA:12,0,0,3
BRDA:12,0,1,6
BRDA:24,1,0,24
BRDA:24,1,1,0
BRF:4
BRH:3
end_of_record
TN:
SF:src/utils/otp.ts
FN:1,generateOTP
FNF:1
FNH:0
FNDA:0,generateOTP
DA:1,4
DA:2,0
DA:3,0
DA:4,0
DA:5,0
DA:7,0
LF:6
LH:1
BRF:0
BRH:0
end_of_record
TN:
SF:src/utils/random-string.ts
FN:1,randomString
FN:4,(anonymous_1)
FNF:2
FNH:2
FNDA:4,randomString
FNDA:88,(anonymous_1)
DA:1,1
DA:3,4
DA:4,88
LF:3
LH:3
BRF:0
BRH:0
end_of_record
